<?xml version="1.0" encoding="UTF-8"?>
<coverage generated="1664473015588" clover="3.2.0">
  <project timestamp="1664473015588" name="All files">
    <metrics statements="361" coveredstatements="260" conditionals="65" coveredconditionals="45" methods="105" coveredmethods="67" elements="531" coveredelements="372" complexity="0" loc="361" ncloc="361" packages="9" files="35" classes="35"/>
    <package name="src">
      <metrics statements="1" coveredstatements="1" conditionals="0" coveredconditionals="0" methods="1" coveredmethods="1"/>
      <file name="App.js" path="/home/mauro/Documents/Projetos-Trybe/sd-019-a-project-delivery-app/front-end/src/App.js">
        <metrics statements="1" coveredstatements="1" conditionals="0" coveredconditionals="0" methods="1" coveredmethods="1"/>
        <line num="19" count="35" type="stmt"/>
      </file>
    </package>
    <package name="src.components">
      <metrics statements="200" coveredstatements="107" conditionals="33" coveredconditionals="16" methods="63" coveredmethods="29"/>
      <file name="AdminForm.js" path="/home/mauro/Documents/Projetos-Trybe/sd-019-a-project-delivery-app/front-end/src/components/AdminForm.js">
        <metrics statements="23" coveredstatements="10" conditionals="3" coveredconditionals="0" methods="4" coveredmethods="1"/>
        <line num="10" count="2" type="stmt"/>
        <line num="16" count="2" type="stmt"/>
        <line num="17" count="2" type="stmt"/>
        <line num="18" count="2" type="stmt"/>
        <line num="19" count="2" type="stmt"/>
        <line num="20" count="2" type="stmt"/>
        <line num="22" count="2" type="stmt"/>
        <line num="23" count="0" type="stmt"/>
        <line num="24" count="0" type="stmt"/>
        <line num="26" count="0" type="cond" truecount="0" falsecount="3"/>
        <line num="32" count="2" type="stmt"/>
        <line num="33" count="0" type="stmt"/>
        <line num="34" count="0" type="stmt"/>
        <line num="35" count="0" type="stmt"/>
        <line num="38" count="2" type="stmt"/>
        <line num="39" count="0" type="stmt"/>
        <line num="40" count="0" type="stmt"/>
        <line num="42" count="0" type="stmt"/>
        <line num="43" count="0" type="stmt"/>
        <line num="48" count="0" type="stmt"/>
        <line num="50" count="0" type="stmt"/>
        <line num="51" count="0" type="stmt"/>
        <line num="55" count="2" type="stmt"/>
      </file>
      <file name="AdminUsersTable.js" path="/home/mauro/Documents/Projetos-Trybe/sd-019-a-project-delivery-app/front-end/src/components/AdminUsersTable.js">
        <metrics statements="14" coveredstatements="9" conditionals="2" coveredconditionals="1" methods="7" coveredmethods="3"/>
        <line num="9" count="2" type="stmt"/>
        <line num="10" count="2" type="stmt"/>
        <line num="12" count="2" type="stmt"/>
        <line num="13" count="1" type="stmt"/>
        <line num="14" count="1" type="stmt"/>
        <line num="18" count="1" type="stmt"/>
        <line num="20" count="1" type="stmt"/>
        <line num="23" count="2" type="stmt"/>
        <line num="24" count="0" type="stmt"/>
        <line num="28" count="0" type="stmt"/>
        <line num="29" count="0" type="stmt"/>
        <line num="32" count="2" type="stmt"/>
        <line num="46" count="0" type="stmt"/>
        <line num="82" count="0" type="stmt"/>
      </file>
      <file name="CheckoutForm.js" path="/home/mauro/Documents/Projetos-Trybe/sd-019-a-project-delivery-app/front-end/src/components/CheckoutForm.js">
        <metrics statements="37" coveredstatements="1" conditionals="2" coveredconditionals="0" methods="7" coveredmethods="0"/>
        <line num="14" count="0" type="stmt"/>
        <line num="15" count="0" type="stmt"/>
        <line num="16" count="0" type="stmt"/>
        <line num="18" count="0" type="stmt"/>
        <line num="23" count="0" type="stmt"/>
        <line num="24" count="0" type="stmt"/>
        <line num="25" count="0" type="stmt"/>
        <line num="27" count="0" type="stmt"/>
        <line num="28" count="0" type="stmt"/>
        <line num="29" count="0" type="stmt"/>
        <line num="30" count="0" type="stmt"/>
        <line num="33" count="0" type="stmt"/>
        <line num="35" count="0" type="stmt"/>
        <line num="36" count="0" type="stmt"/>
        <line num="39" count="0" type="stmt"/>
        <line num="42" count="0" type="stmt"/>
        <line num="43" count="0" type="stmt"/>
        <line num="46" count="0" type="stmt"/>
        <line num="47" count="0" type="stmt"/>
        <line num="48" count="0" type="stmt"/>
        <line num="50" count="0" type="stmt"/>
        <line num="51" count="0" type="stmt"/>
        <line num="54" count="0" type="stmt"/>
        <line num="64" count="0" type="stmt"/>
        <line num="65" count="0" type="stmt"/>
        <line num="70" count="0" type="stmt"/>
        <line num="72" count="0" type="stmt"/>
        <line num="73" count="0" type="stmt"/>
        <line num="76" count="0" type="cond" truecount="0" falsecount="2"/>
        <line num="78" count="0" type="stmt"/>
        <line num="79" count="0" type="stmt"/>
        <line num="80" count="0" type="stmt"/>
        <line num="83" count="0" type="stmt"/>
        <line num="84" count="0" type="stmt"/>
        <line num="87" count="0" type="stmt"/>
        <line num="109" count="0" type="stmt"/>
        <line num="166" count="6" type="stmt"/>
      </file>
      <file name="CheckoutTable.js" path="/home/mauro/Documents/Projetos-Trybe/sd-019-a-project-delivery-app/front-end/src/components/CheckoutTable.js">
        <metrics statements="7" coveredstatements="0" conditionals="0" coveredconditionals="0" methods="5" coveredmethods="0"/>
        <line num="6" count="0" type="stmt"/>
        <line num="8" count="0" type="stmt"/>
        <line num="9" count="0" type="stmt"/>
        <line num="10" count="0" type="stmt"/>
        <line num="13" count="0" type="stmt"/>
        <line num="27" count="0" type="stmt"/>
        <line num="70" count="0" type="stmt"/>
      </file>
      <file name="CustomerOrderCard.js" path="/home/mauro/Documents/Projetos-Trybe/sd-019-a-project-delivery-app/front-end/src/components/CustomerOrderCard.js">
        <metrics statements="7" coveredstatements="7" conditionals="0" coveredconditionals="0" methods="3" coveredmethods="3"/>
        <line num="7" count="8" type="stmt"/>
        <line num="9" count="8" type="stmt"/>
        <line num="10" count="1" type="stmt"/>
        <line num="14" count="8" type="stmt"/>
        <line num="15" count="8" type="stmt"/>
        <line num="18" count="8" type="stmt"/>
        <line num="77" count="6" type="stmt"/>
      </file>
      <file name="CustomerOrderDetails.js" path="/home/mauro/Documents/Projetos-Trybe/sd-019-a-project-delivery-app/front-end/src/components/CustomerOrderDetails.js">
        <metrics statements="21" coveredstatements="21" conditionals="2" coveredconditionals="2" methods="6" coveredmethods="6"/>
        <line num="8" count="6" type="stmt"/>
        <line num="17" count="7" type="stmt"/>
        <line num="18" count="7" type="stmt"/>
        <line num="19" count="7" type="stmt"/>
        <line num="20" count="7" type="stmt"/>
        <line num="22" count="7" type="stmt"/>
        <line num="23" count="2" type="cond" truecount="2" falsecount="0"/>
        <line num="27" count="7" type="stmt"/>
        <line num="28" count="7" type="stmt"/>
        <line num="31" count="7" type="stmt"/>
        <line num="32" count="1" type="stmt"/>
        <line num="35" count="1" type="stmt"/>
        <line num="36" count="1" type="stmt"/>
        <line num="39" count="7" type="stmt"/>
        <line num="40" count="2" type="stmt"/>
        <line num="41" count="2" type="stmt"/>
        <line num="44" count="2" type="stmt"/>
        <line num="45" count="2" type="stmt"/>
        <line num="47" count="2" type="stmt"/>
        <line num="50" count="7" type="stmt"/>
        <line num="88" count="6" type="stmt"/>
      </file>
      <file name="DetailsTable.js" path="/home/mauro/Documents/Projetos-Trybe/sd-019-a-project-delivery-app/front-end/src/components/DetailsTable.js">
        <metrics statements="6" coveredstatements="6" conditionals="2" coveredconditionals="2" methods="3" coveredmethods="3"/>
        <line num="8" count="5" type="stmt"/>
        <line num="9" count="5" type="stmt"/>
        <line num="11" count="5" type="stmt"/>
        <line num="26" count="4" type="stmt"/>
        <line num="66" count="6" type="stmt"/>
        <line num="111" count="6" type="stmt"/>
      </file>
      <file name="ErrorToast.js" path="/home/mauro/Documents/Projetos-Trybe/sd-019-a-project-delivery-app/front-end/src/components/ErrorToast.js">
        <metrics statements="4" coveredstatements="3" conditionals="0" coveredconditionals="0" methods="2" coveredmethods="1"/>
        <line num="6" count="426" type="stmt"/>
        <line num="8" count="426" type="stmt"/>
        <line num="12" count="0" type="stmt"/>
        <line num="19" count="6" type="stmt"/>
      </file>
      <file name="Header.js" path="/home/mauro/Documents/Projetos-Trybe/sd-019-a-project-delivery-app/front-end/src/components/Header.js">
        <metrics statements="22" coveredstatements="18" conditionals="8" coveredconditionals="7" methods="7" coveredmethods="3"/>
        <line num="9" count="6" type="stmt"/>
        <line num="15" count="6" type="stmt"/>
        <line num="21" count="6" type="stmt"/>
        <line num="27" count="39" type="stmt"/>
        <line num="28" count="39" type="cond" truecount="2" falsecount="0"/>
        <line num="29" count="39" type="stmt"/>
        <line num="30" count="39" type="stmt"/>
        <line num="31" count="39" type="stmt"/>
        <line num="33" count="39" type="stmt"/>
        <line num="35" count="39" type="stmt"/>
        <line num="36" count="22" type="stmt"/>
        <line num="39" count="39" type="stmt"/>
        <line num="40" count="22" type="stmt"/>
        <line num="41" count="0" type="stmt"/>
        <line num="44" count="22" type="stmt"/>
        <line num="47" count="39" type="stmt"/>
        <line num="48" count="0" type="stmt"/>
        <line num="49" count="0" type="stmt"/>
        <line num="52" count="39" type="stmt"/>
        <line num="88" count="0" type="stmt"/>
        <line num="121" count="6" type="stmt"/>
        <line num="125" count="6" type="stmt"/>
      </file>
      <file name="ProductCard.js" path="/home/mauro/Documents/Projetos-Trybe/sd-019-a-project-delivery-app/front-end/src/components/ProductCard.js">
        <metrics statements="28" coveredstatements="1" conditionals="10" coveredconditionals="0" methods="10" coveredmethods="0"/>
        <line num="11" count="0" type="stmt"/>
        <line num="12" count="0" type="stmt"/>
        <line num="13" count="0" type="stmt"/>
        <line num="15" count="0" type="stmt"/>
        <line num="16" count="0" type="cond" truecount="0" falsecount="2"/>
        <line num="17" count="0" type="stmt"/>
        <line num="18" count="0" type="stmt"/>
        <line num="22" count="0" type="stmt"/>
        <line num="23" count="0" type="cond" truecount="0" falsecount="2"/>
        <line num="24" count="0" type="stmt"/>
        <line num="27" count="0" type="stmt"/>
        <line num="28" count="0" type="stmt"/>
        <line num="31" count="0" type="stmt"/>
        <line num="32" count="0" type="cond" truecount="0" falsecount="2"/>
        <line num="33" count="0" type="stmt"/>
        <line num="34" count="0" type="stmt"/>
        <line num="37" count="0" type="stmt"/>
        <line num="39" count="0" type="cond" truecount="0" falsecount="2"/>
        <line num="40" count="0" type="stmt"/>
        <line num="47" count="0" type="stmt"/>
        <line num="50" count="0" type="stmt"/>
        <line num="51" count="0" type="cond" truecount="0" falsecount="2"/>
        <line num="52" count="0" type="stmt"/>
        <line num="57" count="0" type="stmt"/>
        <line num="60" count="0" type="stmt"/>
        <line num="63" count="0" type="stmt"/>
        <line num="109" count="0" type="stmt"/>
        <line num="132" count="6" type="stmt"/>
      </file>
      <file name="SellerOrderCard.js" path="/home/mauro/Documents/Projetos-Trybe/sd-019-a-project-delivery-app/front-end/src/components/SellerOrderCard.js">
        <metrics statements="7" coveredstatements="7" conditionals="0" coveredconditionals="0" methods="3" coveredmethods="3"/>
        <line num="7" count="8" type="stmt"/>
        <line num="9" count="8" type="stmt"/>
        <line num="10" count="1" type="stmt"/>
        <line num="14" count="8" type="stmt"/>
        <line num="15" count="8" type="stmt"/>
        <line num="18" count="8" type="stmt"/>
        <line num="84" count="6" type="stmt"/>
      </file>
      <file name="SellerOrderDetails.js" path="/home/mauro/Documents/Projetos-Trybe/sd-019-a-project-delivery-app/front-end/src/components/SellerOrderDetails.js">
        <metrics statements="24" coveredstatements="24" conditionals="4" coveredconditionals="4" methods="6" coveredmethods="6"/>
        <line num="8" count="6" type="stmt"/>
        <line num="16" count="6" type="stmt"/>
        <line num="18" count="12" type="stmt"/>
        <line num="19" count="12" type="stmt"/>
        <line num="20" count="12" type="stmt"/>
        <line num="21" count="12" type="stmt"/>
        <line num="23" count="12" type="stmt"/>
        <line num="24" count="6" type="cond" truecount="2" falsecount="0"/>
        <line num="27" count="12" type="stmt"/>
        <line num="28" count="6" type="cond" truecount="2" falsecount="0"/>
        <line num="29" count="2" type="stmt"/>
        <line num="30" count="2" type="stmt"/>
        <line num="32" count="4" type="stmt"/>
        <line num="36" count="12" type="stmt"/>
        <line num="37" count="12" type="stmt"/>
        <line num="40" count="12" type="stmt"/>
        <line num="41" count="3" type="stmt"/>
        <line num="45" count="3" type="stmt"/>
        <line num="46" count="3" type="stmt"/>
        <line num="49" count="12" type="stmt"/>
        <line num="50" count="6" type="stmt"/>
        <line num="51" count="6" type="stmt"/>
        <line num="54" count="12" type="stmt"/>
        <line num="98" count="6" type="stmt"/>
      </file>
    </package>
    <package name="src.context.admin">
      <metrics statements="5" coveredstatements="5" conditionals="0" coveredconditionals="0" methods="2" coveredmethods="2"/>
      <file name="AdminContext.js" path="/home/mauro/Documents/Projetos-Trybe/sd-019-a-project-delivery-app/front-end/src/context/admin/AdminContext.js">
        <metrics statements="1" coveredstatements="1" conditionals="0" coveredconditionals="0" methods="0" coveredmethods="0"/>
        <line num="3" count="6" type="stmt"/>
      </file>
      <file name="AdminProvider.js" path="/home/mauro/Documents/Projetos-Trybe/sd-019-a-project-delivery-app/front-end/src/context/admin/AdminProvider.js">
        <metrics statements="4" coveredstatements="4" conditionals="0" coveredconditionals="0" methods="2" coveredmethods="2"/>
        <line num="6" count="35" type="stmt"/>
        <line num="8" count="35" type="stmt"/>
        <line num="13" count="35" type="stmt"/>
        <line num="20" count="6" type="stmt"/>
      </file>
    </package>
    <package name="src.context.cart">
      <metrics statements="10" coveredstatements="8" conditionals="4" coveredconditionals="3" methods="3" coveredmethods="3"/>
      <file name="CartContext.js" path="/home/mauro/Documents/Projetos-Trybe/sd-019-a-project-delivery-app/front-end/src/context/cart/CartContext.js">
        <metrics statements="1" coveredstatements="1" conditionals="0" coveredconditionals="0" methods="0" coveredmethods="0"/>
        <line num="3" count="6" type="stmt"/>
      </file>
      <file name="CartProvider.js" path="/home/mauro/Documents/Projetos-Trybe/sd-019-a-project-delivery-app/front-end/src/context/cart/CartProvider.js">
        <metrics statements="9" coveredstatements="7" conditionals="4" coveredconditionals="3" methods="3" coveredmethods="3"/>
        <line num="6" count="34" type="stmt"/>
        <line num="10" count="34" type="stmt"/>
        <line num="11" count="34" type="cond" truecount="1" falsecount="1"/>
        <line num="12" count="0" type="stmt"/>
        <line num="13" count="0" type="stmt"/>
        <line num="15" count="34" type="stmt"/>
        <line num="18" count="34" type="stmt"/>
        <line num="23" count="34" type="stmt"/>
        <line num="30" count="6" type="stmt"/>
      </file>
    </package>
    <package name="src.context.user">
      <metrics statements="13" coveredstatements="13" conditionals="6" coveredconditionals="6" methods="3" coveredmethods="3"/>
      <file name="UserContext.js" path="/home/mauro/Documents/Projetos-Trybe/sd-019-a-project-delivery-app/front-end/src/context/user/UserContext.js">
        <metrics statements="1" coveredstatements="1" conditionals="0" coveredconditionals="0" methods="0" coveredmethods="0"/>
        <line num="3" count="6" type="stmt"/>
      </file>
      <file name="UserProvider.js" path="/home/mauro/Documents/Projetos-Trybe/sd-019-a-project-delivery-app/front-end/src/context/user/UserProvider.js">
        <metrics statements="12" coveredstatements="12" conditionals="6" coveredconditionals="6" methods="3" coveredmethods="3"/>
        <line num="7" count="216" type="stmt"/>
        <line num="8" count="216" type="stmt"/>
        <line num="13" count="216" type="stmt"/>
        <line num="21" count="216" type="stmt"/>
        <line num="22" count="38" type="cond" truecount="4" falsecount="0"/>
        <line num="23" count="10" type="stmt"/>
        <line num="24" count="10" type="stmt"/>
        <line num="25" count="10" type="stmt"/>
        <line num="27" count="28" type="stmt"/>
        <line num="30" count="216" type="stmt"/>
        <line num="37" count="216" type="stmt"/>
        <line num="44" count="6" type="stmt"/>
      </file>
    </package>
    <package name="src.pages">
      <metrics statements="113" coveredstatements="107" conditionals="21" coveredconditionals="19" methods="32" coveredmethods="28"/>
      <file name="AdminManage.js" path="/home/mauro/Documents/Projetos-Trybe/sd-019-a-project-delivery-app/front-end/src/pages/AdminManage.js">
        <metrics statements="1" coveredstatements="1" conditionals="0" coveredconditionals="0" methods="1" coveredmethods="1"/>
        <line num="12" count="1" type="stmt"/>
      </file>
      <file name="CustomerCheckout.js" path="/home/mauro/Documents/Projetos-Trybe/sd-019-a-project-delivery-app/front-end/src/pages/CustomerCheckout.js">
        <metrics statements="5" coveredstatements="0" conditionals="0" coveredconditionals="0" methods="3" coveredmethods="0"/>
        <line num="9" count="0" type="stmt"/>
        <line num="11" count="0" type="stmt"/>
        <line num="12" count="0" type="stmt"/>
        <line num="13" count="0" type="stmt"/>
        <line num="16" count="0" type="stmt"/>
      </file>
      <file name="CustomerOrdersList.js" path="/home/mauro/Documents/Projetos-Trybe/sd-019-a-project-delivery-app/front-end/src/pages/CustomerOrdersList.js">
        <metrics statements="9" coveredstatements="9" conditionals="2" coveredconditionals="2" methods="4" coveredmethods="4"/>
        <line num="10" count="8" type="stmt"/>
        <line num="11" count="8" type="stmt"/>
        <line num="13" count="8" type="stmt"/>
        <line num="14" count="4" type="stmt"/>
        <line num="15" count="4" type="stmt"/>
        <line num="18" count="4" type="stmt"/>
        <line num="20" count="4" type="stmt"/>
        <line num="23" count="8" type="stmt"/>
        <line num="30" count="8" type="stmt"/>
      </file>
      <file name="CustomerProducts.js" path="/home/mauro/Documents/Projetos-Trybe/sd-019-a-project-delivery-app/front-end/src/pages/CustomerProducts.js">
        <metrics statements="9" coveredstatements="8" conditionals="2" coveredconditionals="1" methods="4" coveredmethods="3"/>
        <line num="12" count="7" type="stmt"/>
        <line num="14" count="6" type="stmt"/>
        <line num="16" count="6" type="stmt"/>
        <line num="17" count="3" type="stmt"/>
        <line num="18" count="3" type="stmt"/>
        <line num="21" count="3" type="stmt"/>
        <line num="23" count="3" type="stmt"/>
        <line num="26" count="6" type="stmt"/>
        <line num="45" count="0" type="stmt"/>
      </file>
      <file name="CustomerSaleDetails.js" path="/home/mauro/Documents/Projetos-Trybe/sd-019-a-project-delivery-app/front-end/src/pages/CustomerSaleDetails.js">
        <metrics statements="9" coveredstatements="9" conditionals="2" coveredconditionals="2" methods="3" coveredmethods="3"/>
        <line num="12" count="6" type="stmt"/>
        <line num="13" count="6" type="stmt"/>
        <line num="14" count="6" type="stmt"/>
        <line num="16" count="6" type="stmt"/>
        <line num="17" count="4" type="stmt"/>
        <line num="18" count="4" type="stmt"/>
        <line num="21" count="4" type="stmt"/>
        <line num="23" count="4" type="stmt"/>
        <line num="26" count="6" type="stmt"/>
      </file>
      <file name="Login.js" path="/home/mauro/Documents/Projetos-Trybe/sd-019-a-project-delivery-app/front-end/src/pages/Login.js">
        <metrics statements="34" coveredstatements="34" conditionals="6" coveredconditionals="5" methods="6" coveredmethods="6"/>
        <line num="9" count="6" type="stmt"/>
        <line num="16" count="316" type="stmt"/>
        <line num="20" count="316" type="stmt"/>
        <line num="21" count="316" type="stmt"/>
        <line num="22" count="316" type="stmt"/>
        <line num="23" count="316" type="stmt"/>
        <line num="25" count="316" type="stmt"/>
        <line num="27" count="316" type="stmt"/>
        <line num="28" count="160" type="stmt"/>
        <line num="31" count="316" type="stmt"/>
        <line num="32" count="160" type="cond" truecount="1" falsecount="1"/>
        <line num="33" count="160" type="stmt"/>
        <line num="34" count="160" type="stmt"/>
        <line num="36" count="160" type="stmt"/>
        <line num="37" count="160" type="stmt"/>
        <line num="39" count="160" type="cond" truecount="2" falsecount="0"/>
        <line num="42" count="316" type="stmt"/>
        <line num="43" count="149" type="stmt"/>
        <line num="46" count="316" type="stmt"/>
        <line num="47" count="5" type="stmt"/>
        <line num="48" count="5" type="stmt"/>
        <line num="52" count="5" type="stmt"/>
        <line num="53" count="5" type="stmt"/>
        <line num="57" count="3" type="stmt"/>
        <line num="58" count="3" type="stmt"/>
        <line num="60" count="2" type="stmt"/>
        <line num="62" count="2" type="cond" truecount="2" falsecount="0"/>
        <line num="64" count="2" type="stmt"/>
        <line num="65" count="2" type="stmt"/>
        <line num="66" count="2" type="stmt"/>
        <line num="69" count="3" type="stmt"/>
        <line num="70" count="3" type="stmt"/>
        <line num="73" count="316" type="stmt"/>
        <line num="75" count="316" type="stmt"/>
      </file>
      <file name="Register.js" path="/home/mauro/Documents/Projetos-Trybe/sd-019-a-project-delivery-app/front-end/src/pages/Register.js">
        <metrics statements="28" coveredstatements="28" conditionals="5" coveredconditionals="5" methods="4" coveredmethods="4"/>
        <line num="10" count="484" type="stmt"/>
        <line num="15" count="484" type="stmt"/>
        <line num="16" count="484" type="stmt"/>
        <line num="17" count="484" type="stmt"/>
        <line num="18" count="484" type="stmt"/>
        <line num="20" count="484" type="stmt"/>
        <line num="22" count="484" type="stmt"/>
        <line num="23" count="244" type="stmt"/>
        <line num="24" count="244" type="stmt"/>
        <line num="26" count="244" type="stmt"/>
        <line num="27" count="244" type="stmt"/>
        <line num="28" count="244" type="stmt"/>
        <line num="30" count="244" type="cond" truecount="3" falsecount="0"/>
        <line num="33" count="484" type="stmt"/>
        <line num="34" count="235" type="stmt"/>
        <line num="37" count="484" type="stmt"/>
        <line num="38" count="3" type="stmt"/>
        <line num="41" count="3" type="stmt"/>
        <line num="42" count="3" type="stmt"/>
        <line num="46" count="1" type="stmt"/>
        <line num="48" count="2" type="stmt"/>
        <line num="50" count="2" type="cond" truecount="2" falsecount="0"/>
        <line num="52" count="2" type="stmt"/>
        <line num="53" count="2" type="stmt"/>
        <line num="54" count="2" type="stmt"/>
        <line num="57" count="1" type="stmt"/>
        <line num="58" count="1" type="stmt"/>
        <line num="61" count="484" type="stmt"/>
      </file>
      <file name="SellerOrdersList.js" path="/home/mauro/Documents/Projetos-Trybe/sd-019-a-project-delivery-app/front-end/src/pages/SellerOrdersList.js">
        <metrics statements="9" coveredstatements="9" conditionals="2" coveredconditionals="2" methods="4" coveredmethods="4"/>
        <line num="10" count="10" type="stmt"/>
        <line num="11" count="10" type="stmt"/>
        <line num="13" count="10" type="stmt"/>
        <line num="14" count="5" type="stmt"/>
        <line num="15" count="5" type="stmt"/>
        <line num="18" count="5" type="stmt"/>
        <line num="20" count="5" type="stmt"/>
        <line num="23" count="10" type="stmt"/>
        <line num="30" count="8" type="stmt"/>
      </file>
      <file name="SellerSaleDetails.js" path="/home/mauro/Documents/Projetos-Trybe/sd-019-a-project-delivery-app/front-end/src/pages/SellerSaleDetails.js">
        <metrics statements="9" coveredstatements="9" conditionals="2" coveredconditionals="2" methods="3" coveredmethods="3"/>
        <line num="12" count="8" type="stmt"/>
        <line num="13" count="8" type="stmt"/>
        <line num="14" count="8" type="stmt"/>
        <line num="16" count="8" type="stmt"/>
        <line num="17" count="5" type="stmt"/>
        <line num="18" count="5" type="stmt"/>
        <line num="21" count="5" type="stmt"/>
        <line num="23" count="5" type="stmt"/>
        <line num="26" count="8" type="stmt"/>
      </file>
    </package>
    <package name="src.styles">
      <metrics statements="1" coveredstatements="1" conditionals="0" coveredconditionals="0" methods="0" coveredmethods="0"/>
      <file name="theme.js" path="/home/mauro/Documents/Projetos-Trybe/sd-019-a-project-delivery-app/front-end/src/styles/theme.js">
        <metrics statements="1" coveredstatements="1" conditionals="0" coveredconditionals="0" methods="0" coveredmethods="0"/>
        <line num="3" count="6" type="stmt"/>
      </file>
    </package>
    <package name="src.tests.helpers">
      <metrics statements="2" coveredstatements="2" conditionals="1" coveredconditionals="1" methods="1" coveredmethods="1"/>
      <file name="renderWithRouter.js" path="/home/mauro/Documents/Projetos-Trybe/sd-019-a-project-delivery-app/front-end/src/tests/helpers/renderWithRouter.js">
        <metrics statements="2" coveredstatements="2" conditionals="1" coveredconditionals="1" methods="1" coveredmethods="1"/>
        <line num="9" count="34" type="stmt"/>
        <line num="11" count="34" type="stmt"/>
      </file>
    </package>
    <package name="src.tests.mocks">
      <metrics statements="16" coveredstatements="16" conditionals="0" coveredconditionals="0" methods="0" coveredmethods="0"/>
      <file name="Login.js" path="/home/mauro/Documents/Projetos-Trybe/sd-019-a-project-delivery-app/front-end/src/tests/mocks/Login.js">
        <metrics statements="5" coveredstatements="5" conditionals="0" coveredconditionals="0" methods="0" coveredmethods="0"/>
        <line num="1" count="1" type="stmt"/>
        <line num="8" count="1" type="stmt"/>
        <line num="15" count="1" type="stmt"/>
        <line num="22" count="1" type="stmt"/>
        <line num="30" count="1" type="stmt"/>
      </file>
      <file name="Register.js" path="/home/mauro/Documents/Projetos-Trybe/sd-019-a-project-delivery-app/front-end/src/tests/mocks/Register.js">
        <metrics statements="3" coveredstatements="3" conditionals="0" coveredconditionals="0" methods="0" coveredmethods="0"/>
        <line num="1" count="1" type="stmt"/>
        <line num="8" count="1" type="stmt"/>
        <line num="16" count="1" type="stmt"/>
      </file>
      <file name="customerOrdersListMocks.js" path="/home/mauro/Documents/Projetos-Trybe/sd-019-a-project-delivery-app/front-end/src/tests/mocks/customerOrdersListMocks.js">
        <metrics statements="3" coveredstatements="3" conditionals="0" coveredconditionals="0" methods="0" coveredmethods="0"/>
        <line num="1" count="1" type="stmt"/>
        <line num="8" count="1" type="stmt"/>
        <line num="15" count="1" type="stmt"/>
      </file>
      <file name="mocks.js" path="/home/mauro/Documents/Projetos-Trybe/sd-019-a-project-delivery-app/front-end/src/tests/mocks/mocks.js">
        <metrics statements="2" coveredstatements="2" conditionals="0" coveredconditionals="0" methods="0" coveredmethods="0"/>
        <line num="1" count="2" type="stmt"/>
        <line num="36" count="2" type="stmt"/>
      </file>
      <file name="sellerOrdersListMocks.js" path="/home/mauro/Documents/Projetos-Trybe/sd-019-a-project-delivery-app/front-end/src/tests/mocks/sellerOrdersListMocks.js">
        <metrics statements="3" coveredstatements="3" conditionals="0" coveredconditionals="0" methods="0" coveredmethods="0"/>
        <line num="1" count="1" type="stmt"/>
        <line num="7" count="1" type="stmt"/>
        <line num="15" count="1" type="stmt"/>
      </file>
    </package>
  </project>
</coverage>
