{"/home/mauro/Documents/Projetos-Trybe/sd-019-a-project-delivery-app/front-end/src/App.js": {"path":"/home/mauro/Documents/Projetos-Trybe/sd-019-a-project-delivery-app/front-end/src/App.js","statementMap":{"0":{"start":{"line":19,"column":2},"end":{"line":62,"column":4}}},"fnMap":{"0":{"name":"App","decl":{"start":{"line":18,"column":9},"end":{"line":18,"column":12}},"loc":{"start":{"line":18,"column":15},"end":{"line":63,"column":1}},"line":18}},"branchMap":{},"s":{"0":35},"f":{"0":35},"b":{},"_coverageSchema":"1a1c01bbd47fc00a2c39e90264f33305004495a9","hash":"5a98cda2fde563301159cd81d7763c00230a59df"}
,"/home/mauro/Documents/Projetos-Trybe/sd-019-a-project-delivery-app/front-end/src/components/AdminForm.js": {"path":"/home/mauro/Documents/Projetos-Trybe/sd-019-a-project-delivery-app/front-end/src/components/AdminForm.js","statementMap":{"0":{"start":{"line":10,"column":32},"end":{"line":15,"column":4}},"1":{"start":{"line":16,"column":32},"end":{"line":16,"column":47}},"2":{"start":{"line":17,"column":42},"end":{"line":17,"column":54}},"3":{"start":{"line":18,"column":42},"end":{"line":18,"column":57}},"4":{"start":{"line":19,"column":19},"end":{"line":19,"column":42}},"5":{"start":{"line":20,"column":38},"end":{"line":20,"column":62}},"6":{"start":{"line":22,"column":23},"end":{"line":30,"column":3}},"7":{"start":{"line":23,"column":38},"end":{"line":23,"column":46}},"8":{"start":{"line":24,"column":61},"end":{"line":24,"column":72}},"9":{"start":{"line":26,"column":4},"end":{"line":29,"column":6}},"10":{"start":{"line":32,"column":27},"end":{"line":36,"column":3}},"11":{"start":{"line":33,"column":24},"end":{"line":33,"column":53}},"12":{"start":{"line":34,"column":4},"end":{"line":34,"column":28}},"13":{"start":{"line":35,"column":4},"end":{"line":35,"column":42}},"14":{"start":{"line":38,"column":23},"end":{"line":53,"column":3}},"15":{"start":{"line":39,"column":4},"end":{"line":39,"column":27}},"16":{"start":{"line":40,"column":44},"end":{"line":40,"column":51}},"17":{"start":{"line":42,"column":4},"end":{"line":52,"column":5}},"18":{"start":{"line":43,"column":23},"end":{"line":47,"column":7}},"19":{"start":{"line":48,"column":6},"end":{"line":48,"column":41}},"20":{"start":{"line":50,"column":6},"end":{"line":50,"column":58}},"21":{"start":{"line":51,"column":6},"end":{"line":51,"column":28}},"22":{"start":{"line":55,"column":2},"end":{"line":114,"column":4}}},"fnMap":{"0":{"name":"AdminForm","decl":{"start":{"line":9,"column":9},"end":{"line":9,"column":18}},"loc":{"start":{"line":9,"column":21},"end":{"line":115,"column":1}},"line":9},"1":{"name":"(anonymous_1)","decl":{"start":{"line":22,"column":23},"end":{"line":22,"column":24}},"loc":{"start":{"line":22,"column":37},"end":{"line":30,"column":3}},"line":22},"2":{"name":"(anonymous_2)","decl":{"start":{"line":32,"column":27},"end":{"line":32,"column":28}},"loc":{"start":{"line":32,"column":60},"end":{"line":36,"column":3}},"line":32},"3":{"name":"(anonymous_3)","decl":{"start":{"line":38,"column":23},"end":{"line":38,"column":24}},"loc":{"start":{"line":38,"column":40},"end":{"line":53,"column":3}},"line":38}},"branchMap":{"0":{"loc":{"start":{"line":26,"column":12},"end":{"line":28,"column":37}},"type":"binary-expr","locations":[{"start":{"line":26,"column":12},"end":{"line":26,"column":48}},{"start":{"line":27,"column":9},"end":{"line":27,"column":32}},{"start":{"line":28,"column":9},"end":{"line":28,"column":37}}],"line":26}},"s":{"0":2,"1":2,"2":2,"3":2,"4":2,"5":2,"6":2,"7":0,"8":0,"9":0,"10":2,"11":0,"12":0,"13":0,"14":2,"15":0,"16":0,"17":0,"18":0,"19":0,"20":0,"21":0,"22":2},"f":{"0":2,"1":0,"2":0,"3":0},"b":{"0":[0,0,0]},"_coverageSchema":"1a1c01bbd47fc00a2c39e90264f33305004495a9","hash":"37d478df2ec29d8bb1d36c417284588977d60146"}
,"/home/mauro/Documents/Projetos-Trybe/sd-019-a-project-delivery-app/front-end/src/components/AdminUsersTable.js": {"path":"/home/mauro/Documents/Projetos-Trybe/sd-019-a-project-delivery-app/front-end/src/components/AdminUsersTable.js","statementMap":{"0":{"start":{"line":9,"column":30},"end":{"line":9,"column":53}},"1":{"start":{"line":10,"column":38},"end":{"line":10,"column":62}},"2":{"start":{"line":12,"column":2},"end":{"line":21,"column":9}},"3":{"start":{"line":13,"column":23},"end":{"line":19,"column":5}},"4":{"start":{"line":14,"column":23},"end":{"line":17,"column":7}},"5":{"start":{"line":18,"column":6},"end":{"line":18,"column":25}},"6":{"start":{"line":20,"column":4},"end":{"line":20,"column":17}},"7":{"start":{"line":23,"column":27},"end":{"line":30,"column":3}},"8":{"start":{"line":24,"column":4},"end":{"line":27,"column":6}},"9":{"start":{"line":28,"column":29},"end":{"line":28,"column":75}},"10":{"start":{"line":28,"column":56},"end":{"line":28,"column":74}},"11":{"start":{"line":29,"column":4},"end":{"line":29,"column":35}},"12":{"start":{"line":32,"column":2},"end":{"line":92,"column":4}},"13":{"start":{"line":46,"column":12},"end":{"line":87,"column":23}},"14":{"start":{"line":82,"column":34},"end":{"line":82,"column":59}}},"fnMap":{"0":{"name":"AdminUsersTable","decl":{"start":{"line":8,"column":9},"end":{"line":8,"column":24}},"loc":{"start":{"line":8,"column":27},"end":{"line":93,"column":1}},"line":8},"1":{"name":"(anonymous_1)","decl":{"start":{"line":12,"column":12},"end":{"line":12,"column":13}},"loc":{"start":{"line":12,"column":18},"end":{"line":21,"column":3}},"line":12},"2":{"name":"(anonymous_2)","decl":{"start":{"line":13,"column":23},"end":{"line":13,"column":24}},"loc":{"start":{"line":13,"column":35},"end":{"line":19,"column":5}},"line":13},"3":{"name":"(anonymous_3)","decl":{"start":{"line":23,"column":27},"end":{"line":23,"column":28}},"loc":{"start":{"line":23,"column":45},"end":{"line":30,"column":3}},"line":23},"4":{"name":"(anonymous_4)","decl":{"start":{"line":28,"column":46},"end":{"line":28,"column":47}},"loc":{"start":{"line":28,"column":56},"end":{"line":28,"column":74}},"line":28},"5":{"name":"(anonymous_5)","decl":{"start":{"line":45,"column":26},"end":{"line":45,"column":27}},"loc":{"start":{"line":46,"column":12},"end":{"line":87,"column":23}},"line":46},"6":{"name":"(anonymous_6)","decl":{"start":{"line":82,"column":28},"end":{"line":82,"column":29}},"loc":{"start":{"line":82,"column":34},"end":{"line":82,"column":59}},"line":82}},"branchMap":{"0":{"loc":{"start":{"line":44,"column":9},"end":{"line":89,"column":16}},"type":"cond-expr","locations":[{"start":{"line":45,"column":12},"end":{"line":88,"column":12}},{"start":{"line":89,"column":12},"end":{"line":89,"column":16}}],"line":44}},"s":{"0":2,"1":2,"2":2,"3":1,"4":1,"5":1,"6":1,"7":2,"8":0,"9":0,"10":0,"11":0,"12":2,"13":0,"14":0},"f":{"0":2,"1":1,"2":1,"3":0,"4":0,"5":0,"6":0},"b":{"0":[0,2]},"_coverageSchema":"1a1c01bbd47fc00a2c39e90264f33305004495a9","hash":"d19e9bd139760ea41bdc02a364bf056ebbe5223d"}
,"/home/mauro/Documents/Projetos-Trybe/sd-019-a-project-delivery-app/front-end/src/components/CheckoutForm.js": {"path":"/home/mauro/Documents/Projetos-Trybe/sd-019-a-project-delivery-app/front-end/src/components/CheckoutForm.js","statementMap":{"0":{"start":{"line":14,"column":19},"end":{"line":14,"column":42}},"1":{"start":{"line":15,"column":28},"end":{"line":15,"column":51}},"2":{"start":{"line":16,"column":38},"end":{"line":16,"column":50}},"3":{"start":{"line":18,"column":42},"end":{"line":22,"column":4}},"4":{"start":{"line":23,"column":42},"end":{"line":23,"column":54}},"5":{"start":{"line":24,"column":42},"end":{"line":24,"column":57}},"6":{"start":{"line":25,"column":18},"end":{"line":25,"column":30}},"7":{"start":{"line":27,"column":2},"end":{"line":40,"column":9}},"8":{"start":{"line":28,"column":25},"end":{"line":38,"column":5}},"9":{"start":{"line":29,"column":6},"end":{"line":37,"column":7}},"10":{"start":{"line":30,"column":25},"end":{"line":32,"column":10}},"11":{"start":{"line":33,"column":8},"end":{"line":33,"column":28}},"12":{"start":{"line":35,"column":8},"end":{"line":35,"column":47}},"13":{"start":{"line":36,"column":8},"end":{"line":36,"column":30}},"14":{"start":{"line":39,"column":4},"end":{"line":39,"column":19}},"15":{"start":{"line":42,"column":23},"end":{"line":44,"column":3}},"16":{"start":{"line":43,"column":4},"end":{"line":43,"column":56}},"17":{"start":{"line":46,"column":25},"end":{"line":85,"column":3}},"18":{"start":{"line":47,"column":4},"end":{"line":47,"column":27}},"19":{"start":{"line":48,"column":47},"end":{"line":48,"column":59}},"20":{"start":{"line":50,"column":27},"end":{"line":52,"column":5}},"21":{"start":{"line":51,"column":17},"end":{"line":51,"column":71}},"22":{"start":{"line":54,"column":21},"end":{"line":60,"column":5}},"23":{"start":{"line":64,"column":4},"end":{"line":81,"column":5}},"24":{"start":{"line":65,"column":23},"end":{"line":69,"column":7}},"25":{"start":{"line":70,"column":6},"end":{"line":70,"column":18}},"26":{"start":{"line":72,"column":6},"end":{"line":72,"column":23}},"27":{"start":{"line":73,"column":20},"end":{"line":74,"column":46}},"28":{"start":{"line":76,"column":6},"end":{"line":76,"column":76}},"29":{"start":{"line":76,"column":44},"end":{"line":76,"column":76}},"30":{"start":{"line":78,"column":6},"end":{"line":78,"column":31}},"31":{"start":{"line":79,"column":6},"end":{"line":79,"column":28}},"32":{"start":{"line":80,"column":6},"end":{"line":80,"column":13}},"33":{"start":{"line":83,"column":4},"end":{"line":83,"column":16}},"34":{"start":{"line":84,"column":4},"end":{"line":84,"column":48}},"35":{"start":{"line":87,"column":2},"end":{"line":163,"column":4}},"36":{"start":{"line":109,"column":12},"end":{"line":111,"column":21}},"37":{"start":{"line":166,"column":0},"end":{"line":168,"column":2}}},"fnMap":{"0":{"name":"CheckoutForm","decl":{"start":{"line":13,"column":9},"end":{"line":13,"column":21}},"loc":{"start":{"line":13,"column":42},"end":{"line":164,"column":1}},"line":13},"1":{"name":"(anonymous_1)","decl":{"start":{"line":27,"column":12},"end":{"line":27,"column":13}},"loc":{"start":{"line":27,"column":18},"end":{"line":40,"column":3}},"line":27},"2":{"name":"(anonymous_2)","decl":{"start":{"line":28,"column":25},"end":{"line":28,"column":26}},"loc":{"start":{"line":28,"column":37},"end":{"line":38,"column":5}},"line":28},"3":{"name":"(anonymous_3)","decl":{"start":{"line":42,"column":23},"end":{"line":42,"column":24}},"loc":{"start":{"line":42,"column":56},"end":{"line":44,"column":3}},"line":42},"4":{"name":"(anonymous_4)","decl":{"start":{"line":46,"column":25},"end":{"line":46,"column":26}},"loc":{"start":{"line":46,"column":42},"end":{"line":85,"column":3}},"line":46},"5":{"name":"(anonymous_5)","decl":{"start":{"line":51,"column":6},"end":{"line":51,"column":7}},"loc":{"start":{"line":51,"column":17},"end":{"line":51,"column":71}},"line":51},"6":{"name":"(anonymous_6)","decl":{"start":{"line":108,"column":26},"end":{"line":108,"column":27}},"loc":{"start":{"line":109,"column":12},"end":{"line":111,"column":21}},"line":109}},"branchMap":{"0":{"loc":{"start":{"line":76,"column":6},"end":{"line":76,"column":76}},"type":"if","locations":[{"start":{"line":76,"column":6},"end":{"line":76,"column":76}},{"start":{},"end":{}}],"line":76}},"s":{"0":0,"1":0,"2":0,"3":0,"4":0,"5":0,"6":0,"7":0,"8":0,"9":0,"10":0,"11":0,"12":0,"13":0,"14":0,"15":0,"16":0,"17":0,"18":0,"19":0,"20":0,"21":0,"22":0,"23":0,"24":0,"25":0,"26":0,"27":0,"28":0,"29":0,"30":0,"31":0,"32":0,"33":0,"34":0,"35":0,"36":0,"37":6},"f":{"0":0,"1":0,"2":0,"3":0,"4":0,"5":0,"6":0},"b":{"0":[0,0]},"_coverageSchema":"1a1c01bbd47fc00a2c39e90264f33305004495a9","hash":"f7aabed8d2c25014130aa1b6858be92475104569"}
,"/home/mauro/Documents/Projetos-Trybe/sd-019-a-project-delivery-app/front-end/src/components/CheckoutTable.js": {"path":"/home/mauro/Documents/Projetos-Trybe/sd-019-a-project-delivery-app/front-end/src/components/CheckoutTable.js","statementMap":{"0":{"start":{"line":6,"column":28},"end":{"line":6,"column":51}},"1":{"start":{"line":8,"column":27},"end":{"line":11,"column":3}},"2":{"start":{"line":9,"column":24},"end":{"line":9,"column":75}},"3":{"start":{"line":9,"column":46},"end":{"line":9,"column":74}},"4":{"start":{"line":10,"column":4},"end":{"line":10,"column":25}},"5":{"start":{"line":13,"column":2},"end":{"line":79,"column":4}},"6":{"start":{"line":27,"column":10},"end":{"line":75,"column":21}},"7":{"start":{"line":70,"column":32},"end":{"line":70,"column":64}}},"fnMap":{"0":{"name":"CheckoutTable","decl":{"start":{"line":5,"column":9},"end":{"line":5,"column":22}},"loc":{"start":{"line":5,"column":25},"end":{"line":80,"column":1}},"line":5},"1":{"name":"(anonymous_1)","decl":{"start":{"line":8,"column":27},"end":{"line":8,"column":28}},"loc":{"start":{"line":8,"column":42},"end":{"line":11,"column":3}},"line":8},"2":{"name":"(anonymous_2)","decl":{"start":{"line":9,"column":36},"end":{"line":9,"column":37}},"loc":{"start":{"line":9,"column":46},"end":{"line":9,"column":74}},"line":9},"3":{"name":"(anonymous_3)","decl":{"start":{"line":26,"column":18},"end":{"line":26,"column":19}},"loc":{"start":{"line":27,"column":10},"end":{"line":75,"column":21}},"line":27},"4":{"name":"(anonymous_4)","decl":{"start":{"line":70,"column":26},"end":{"line":70,"column":27}},"loc":{"start":{"line":70,"column":32},"end":{"line":70,"column":64}},"line":70}},"branchMap":{},"s":{"0":0,"1":0,"2":0,"3":0,"4":0,"5":0,"6":0,"7":0},"f":{"0":0,"1":0,"2":0,"3":0,"4":0},"b":{},"_coverageSchema":"1a1c01bbd47fc00a2c39e90264f33305004495a9","hash":"94735316f1a3ffae374fd48b04a45274f3966491"}
,"/home/mauro/Documents/Projetos-Trybe/sd-019-a-project-delivery-app/front-end/src/components/CustomerOrderCard.js": {"path":"/home/mauro/Documents/Projetos-Trybe/sd-019-a-project-delivery-app/front-end/src/components/CustomerOrderCard.js","statementMap":{"0":{"start":{"line":7,"column":18},"end":{"line":7,"column":30}},"1":{"start":{"line":9,"column":25},"end":{"line":11,"column":3}},"2":{"start":{"line":10,"column":4},"end":{"line":10,"column":53}},"3":{"start":{"line":14,"column":17},"end":{"line":14,"column":35}},"4":{"start":{"line":15,"column":4},"end":{"line":15,"column":44}},"5":{"start":{"line":18,"column":2},"end":{"line":74,"column":4}},"6":{"start":{"line":77,"column":0},"end":{"line":84,"column":2}}},"fnMap":{"0":{"name":"CustomerOrderCard","decl":{"start":{"line":6,"column":24},"end":{"line":6,"column":41}},"loc":{"start":{"line":6,"column":57},"end":{"line":75,"column":1}},"line":6},"1":{"name":"(anonymous_1)","decl":{"start":{"line":9,"column":25},"end":{"line":9,"column":26}},"loc":{"start":{"line":9,"column":31},"end":{"line":11,"column":3}},"line":9},"2":{"name":"formatDate","decl":{"start":{"line":13,"column":11},"end":{"line":13,"column":21}},"loc":{"start":{"line":13,"column":32},"end":{"line":16,"column":3}},"line":13}},"branchMap":{},"s":{"0":8,"1":8,"2":1,"3":8,"4":8,"5":8,"6":6},"f":{"0":8,"1":1,"2":8},"b":{},"_coverageSchema":"1a1c01bbd47fc00a2c39e90264f33305004495a9","hash":"4f538132342a1312a6bf4dcfedb4c92711890f0b"}
,"/home/mauro/Documents/Projetos-Trybe/sd-019-a-project-delivery-app/front-end/src/components/CustomerOrderDetails.js": {"path":"/home/mauro/Documents/Projetos-Trybe/sd-019-a-project-delivery-app/front-end/src/components/CustomerOrderDetails.js","statementMap":{"0":{"start":{"line":8,"column":16},"end":{"line":14,"column":1}},"1":{"start":{"line":17,"column":19},"end":{"line":17,"column":42}},"2":{"start":{"line":18,"column":38},"end":{"line":18,"column":50}},"3":{"start":{"line":19,"column":44},"end":{"line":19,"column":58}},"4":{"start":{"line":20,"column":30},"end":{"line":20,"column":51}},"5":{"start":{"line":22,"column":23},"end":{"line":24,"column":3}},"6":{"start":{"line":23,"column":4},"end":{"line":23,"column":62}},"7":{"start":{"line":23,"column":38},"end":{"line":23,"column":62}},"8":{"start":{"line":27,"column":17},"end":{"line":27,"column":35}},"9":{"start":{"line":28,"column":4},"end":{"line":28,"column":44}},"10":{"start":{"line":31,"column":22},"end":{"line":37,"column":3}},"11":{"start":{"line":32,"column":4},"end":{"line":34,"column":7}},"12":{"start":{"line":35,"column":4},"end":{"line":35,"column":26}},"13":{"start":{"line":36,"column":4},"end":{"line":36,"column":27}},"14":{"start":{"line":39,"column":2},"end":{"line":48,"column":9}},"15":{"start":{"line":40,"column":22},"end":{"line":46,"column":5}},"16":{"start":{"line":41,"column":23},"end":{"line":43,"column":8}},"17":{"start":{"line":44,"column":6},"end":{"line":44,"column":26}},"18":{"start":{"line":45,"column":6},"end":{"line":45,"column":32}},"19":{"start":{"line":47,"column":4},"end":{"line":47,"column":16}},"20":{"start":{"line":50,"column":2},"end":{"line":85,"column":4}},"21":{"start":{"line":88,"column":0},"end":{"line":95,"column":2}}},"fnMap":{"0":{"name":"CustomerOrderDetails","decl":{"start":{"line":16,"column":9},"end":{"line":16,"column":29}},"loc":{"start":{"line":16,"column":40},"end":{"line":86,"column":1}},"line":16},"1":{"name":"(anonymous_1)","decl":{"start":{"line":22,"column":23},"end":{"line":22,"column":24}},"loc":{"start":{"line":22,"column":39},"end":{"line":24,"column":3}},"line":22},"2":{"name":"formatDate","decl":{"start":{"line":26,"column":11},"end":{"line":26,"column":21}},"loc":{"start":{"line":26,"column":32},"end":{"line":29,"column":3}},"line":26},"3":{"name":"(anonymous_3)","decl":{"start":{"line":31,"column":22},"end":{"line":31,"column":23}},"loc":{"start":{"line":31,"column":34},"end":{"line":37,"column":3}},"line":31},"4":{"name":"(anonymous_4)","decl":{"start":{"line":39,"column":12},"end":{"line":39,"column":13}},"loc":{"start":{"line":39,"column":18},"end":{"line":48,"column":3}},"line":39},"5":{"name":"(anonymous_5)","decl":{"start":{"line":40,"column":22},"end":{"line":40,"column":23}},"loc":{"start":{"line":40,"column":34},"end":{"line":46,"column":5}},"line":40}},"branchMap":{"0":{"loc":{"start":{"line":23,"column":4},"end":{"line":23,"column":62}},"type":"if","locations":[{"start":{"line":23,"column":4},"end":{"line":23,"column":62}},{"start":{},"end":{}}],"line":23}},"s":{"0":6,"1":7,"2":7,"3":7,"4":7,"5":7,"6":2,"7":1,"8":7,"9":7,"10":7,"11":1,"12":1,"13":1,"14":7,"15":2,"16":2,"17":2,"18":2,"19":2,"20":7,"21":6},"f":{"0":7,"1":2,"2":7,"3":1,"4":2,"5":2},"b":{"0":[1,1]},"_coverageSchema":"1a1c01bbd47fc00a2c39e90264f33305004495a9","hash":"03e06319d6dc1e6776dab3bbeb3a955d851d65ca"}
,"/home/mauro/Documents/Projetos-Trybe/sd-019-a-project-delivery-app/front-end/src/components/DetailsTable.js": {"path":"/home/mauro/Documents/Projetos-Trybe/sd-019-a-project-delivery-app/front-end/src/components/DetailsTable.js","statementMap":{"0":{"start":{"line":8,"column":19},"end":{"line":8,"column":42}},"1":{"start":{"line":9,"column":19},"end":{"line":9,"column":23}},"2":{"start":{"line":11,"column":2},"end":{"line":108,"column":4}},"3":{"start":{"line":26,"column":14},"end":{"line":63,"column":25}},"4":{"start":{"line":66,"column":14},"end":{"line":103,"column":25}},"5":{"start":{"line":111,"column":0},"end":{"line":118,"column":2}}},"fnMap":{"0":{"name":"DetailsTable","decl":{"start":{"line":7,"column":9},"end":{"line":7,"column":21}},"loc":{"start":{"line":7,"column":32},"end":{"line":109,"column":1}},"line":7},"1":{"name":"(anonymous_1)","decl":{"start":{"line":25,"column":33},"end":{"line":25,"column":34}},"loc":{"start":{"line":26,"column":14},"end":{"line":63,"column":25}},"line":26},"2":{"name":"(anonymous_2)","decl":{"start":{"line":65,"column":33},"end":{"line":65,"column":34}},"loc":{"start":{"line":66,"column":14},"end":{"line":103,"column":25}},"line":66}},"branchMap":{"0":{"loc":{"start":{"line":24,"column":10},"end":{"line":104,"column":15}},"type":"cond-expr","locations":[{"start":{"line":25,"column":15},"end":{"line":64,"column":14}},{"start":{"line":65,"column":15},"end":{"line":104,"column":14}}],"line":24}},"s":{"0":5,"1":5,"2":5,"3":4,"4":6,"5":6},"f":{"0":5,"1":4,"2":6},"b":{"0":[2,3]},"_coverageSchema":"1a1c01bbd47fc00a2c39e90264f33305004495a9","hash":"251fd23c97853cf3da0a103c1ebb0a52df98c2f9"}
,"/home/mauro/Documents/Projetos-Trybe/sd-019-a-project-delivery-app/front-end/src/components/ErrorToast.js": {"path":"/home/mauro/Documents/Projetos-Trybe/sd-019-a-project-delivery-app/front-end/src/components/ErrorToast.js","statementMap":{"0":{"start":{"line":6,"column":43},"end":{"line":6,"column":48}},"1":{"start":{"line":8,"column":2},"end":{"line":16,"column":4}},"2":{"start":{"line":12,"column":22},"end":{"line":12,"column":36}},"3":{"start":{"line":19,"column":0},"end":{"line":24,"column":13}}},"fnMap":{"0":{"name":"ErrorToast","decl":{"start":{"line":5,"column":9},"end":{"line":5,"column":19}},"loc":{"start":{"line":5,"column":27},"end":{"line":17,"column":1}},"line":5},"1":{"name":"(anonymous_1)","decl":{"start":{"line":12,"column":16},"end":{"line":12,"column":17}},"loc":{"start":{"line":12,"column":22},"end":{"line":12,"column":36}},"line":12}},"branchMap":{},"s":{"0":426,"1":426,"2":0,"3":6},"f":{"0":426,"1":0},"b":{},"_coverageSchema":"1a1c01bbd47fc00a2c39e90264f33305004495a9","hash":"888fc422e7d8328212d05c0aa7f0e40ffa06fe9d"}
,"/home/mauro/Documents/Projetos-Trybe/sd-019-a-project-delivery-app/front-end/src/components/Header.js": {"path":"/home/mauro/Documents/Projetos-Trybe/sd-019-a-project-delivery-app/front-end/src/components/Header.js","statementMap":{"0":{"start":{"line":9,"column":20},"end":{"line":13,"column":1}},"1":{"start":{"line":15,"column":20},"end":{"line":19,"column":1}},"2":{"start":{"line":21,"column":20},"end":{"line":24,"column":1}},"3":{"start":{"line":27,"column":28},"end":{"line":27,"column":51}},"4":{"start":{"line":28,"column":28},"end":{"line":28,"column":66}},"5":{"start":{"line":29,"column":38},"end":{"line":29,"column":54}},"6":{"start":{"line":30,"column":42},"end":{"line":30,"column":56}},"7":{"start":{"line":31,"column":19},"end":{"line":31,"column":23}},"8":{"start":{"line":33,"column":18},"end":{"line":33,"column":30}},"9":{"start":{"line":35,"column":2},"end":{"line":37,"column":19}},"10":{"start":{"line":36,"column":4},"end":{"line":36,"column":41}},"11":{"start":{"line":39,"column":2},"end":{"line":45,"column":13}},"12":{"start":{"line":40,"column":24},"end":{"line":43,"column":5}},"13":{"start":{"line":41,"column":30},"end":{"line":41,"column":57}},"14":{"start":{"line":44,"column":4},"end":{"line":44,"column":42}},"15":{"start":{"line":47,"column":23},"end":{"line":50,"column":3}},"16":{"start":{"line":48,"column":4},"end":{"line":48,"column":16}},"17":{"start":{"line":49,"column":4},"end":{"line":49,"column":16}},"18":{"start":{"line":52,"column":2},"end":{"line":118,"column":4}},"19":{"start":{"line":88,"column":30},"end":{"line":88,"column":64}},"20":{"start":{"line":121,"column":0},"end":{"line":123,"column":2}},"21":{"start":{"line":125,"column":0},"end":{"line":127,"column":2}}},"fnMap":{"0":{"name":"(anonymous_0)","decl":{"start":{"line":23,"column":11},"end":{"line":23,"column":12}},"loc":{"start":{"line":23,"column":17},"end":{"line":23,"column":19}},"line":23},"1":{"name":"Header","decl":{"start":{"line":26,"column":9},"end":{"line":26,"column":15}},"loc":{"start":{"line":26,"column":30},"end":{"line":119,"column":1}},"line":26},"2":{"name":"(anonymous_2)","decl":{"start":{"line":35,"column":12},"end":{"line":35,"column":13}},"loc":{"start":{"line":35,"column":18},"end":{"line":37,"column":3}},"line":35},"3":{"name":"(anonymous_3)","decl":{"start":{"line":39,"column":12},"end":{"line":39,"column":13}},"loc":{"start":{"line":39,"column":18},"end":{"line":45,"column":3}},"line":39},"4":{"name":"(anonymous_4)","decl":{"start":{"line":41,"column":6},"end":{"line":41,"column":7}},"loc":{"start":{"line":41,"column":30},"end":{"line":41,"column":57}},"line":41},"5":{"name":"(anonymous_5)","decl":{"start":{"line":47,"column":23},"end":{"line":47,"column":24}},"loc":{"start":{"line":47,"column":29},"end":{"line":50,"column":3}},"line":47},"6":{"name":"(anonymous_6)","decl":{"start":{"line":88,"column":24},"end":{"line":88,"column":25}},"loc":{"start":{"line":88,"column":30},"end":{"line":88,"column":64}},"line":88}},"branchMap":{"0":{"loc":{"start":{"line":28,"column":28},"end":{"line":28,"column":66}},"type":"binary-expr","locations":[{"start":{"line":28,"column":28},"end":{"line":28,"column":51}},{"start":{"line":28,"column":55},"end":{"line":28,"column":66}}],"line":28},"1":{"loc":{"start":{"line":63,"column":12},"end":{"line":73,"column":11}},"type":"binary-expr","locations":[{"start":{"line":63,"column":12},"end":{"line":63,"column":31}},{"start":{"line":64,"column":12},"end":{"line":72,"column":21}}],"line":63},"2":{"loc":{"start":{"line":78,"column":17},"end":{"line":78,"column":41}},"type":"binary-expr","locations":[{"start":{"line":78,"column":17},"end":{"line":78,"column":34}},{"start":{"line":78,"column":38},"end":{"line":78,"column":41}}],"line":78},"3":{"loc":{"start":{"line":83,"column":12},"end":{"line":97,"column":11}},"type":"binary-expr","locations":[{"start":{"line":83,"column":12},"end":{"line":83,"column":20}},{"start":{"line":84,"column":12},"end":{"line":96,"column":21}}],"line":83}},"s":{"0":6,"1":6,"2":6,"3":39,"4":39,"5":39,"6":39,"7":39,"8":39,"9":39,"10":22,"11":39,"12":22,"13":0,"14":22,"15":39,"16":0,"17":0,"18":39,"19":0,"20":6,"21":6},"f":{"0":0,"1":39,"2":22,"3":22,"4":0,"5":0,"6":0},"b":{"0":[39,33],"1":[39,20],"2":[39,0],"3":[39,6]},"_coverageSchema":"1a1c01bbd47fc00a2c39e90264f33305004495a9","hash":"307588151d53035b34fb31923f37082029864c61"}
,"/home/mauro/Documents/Projetos-Trybe/sd-019-a-project-delivery-app/front-end/src/components/ProductCard.js": {"path":"/home/mauro/Documents/Projetos-Trybe/sd-019-a-project-delivery-app/front-end/src/components/ProductCard.js","statementMap":{"0":{"start":{"line":11,"column":24},"end":{"line":11,"column":36}},"1":{"start":{"line":12,"column":34},"end":{"line":12,"column":45}},"2":{"start":{"line":13,"column":28},"end":{"line":13,"column":51}},"3":{"start":{"line":15,"column":2},"end":{"line":20,"column":9}},"4":{"start":{"line":16,"column":4},"end":{"line":19,"column":5}},"5":{"start":{"line":16,"column":28},"end":{"line":16,"column":57}},"6":{"start":{"line":17,"column":26},"end":{"line":17,"column":76}},"7":{"start":{"line":17,"column":46},"end":{"line":17,"column":75}},"8":{"start":{"line":18,"column":6},"end":{"line":18,"column":40}},"9":{"start":{"line":22,"column":25},"end":{"line":25,"column":3}},"10":{"start":{"line":23,"column":4},"end":{"line":23,"column":26}},"11":{"start":{"line":23,"column":19},"end":{"line":23,"column":26}},"12":{"start":{"line":24,"column":4},"end":{"line":24,"column":30}},"13":{"start":{"line":27,"column":25},"end":{"line":29,"column":3}},"14":{"start":{"line":28,"column":4},"end":{"line":28,"column":30}},"15":{"start":{"line":31,"column":2},"end":{"line":61,"column":17}},"16":{"start":{"line":32,"column":4},"end":{"line":35,"column":5}},"17":{"start":{"line":33,"column":6},"end":{"line":33,"column":36}},"18":{"start":{"line":34,"column":6},"end":{"line":34,"column":13}},"19":{"start":{"line":37,"column":23},"end":{"line":37,"column":73}},"20":{"start":{"line":37,"column":43},"end":{"line":37,"column":72}},"21":{"start":{"line":39,"column":4},"end":{"line":48,"column":5}},"22":{"start":{"line":40,"column":6},"end":{"line":46,"column":10}},"23":{"start":{"line":47,"column":6},"end":{"line":47,"column":13}},"24":{"start":{"line":50,"column":24},"end":{"line":58,"column":6}},"25":{"start":{"line":51,"column":6},"end":{"line":56,"column":7}},"26":{"start":{"line":52,"column":8},"end":{"line":55,"column":73}},"27":{"start":{"line":57,"column":6},"end":{"line":57,"column":18}},"28":{"start":{"line":60,"column":4},"end":{"line":60,"column":25}},"29":{"start":{"line":63,"column":2},"end":{"line":129,"column":4}},"30":{"start":{"line":109,"column":41},"end":{"line":109,"column":74}},"31":{"start":{"line":132,"column":0},"end":{"line":139,"column":2}}},"fnMap":{"0":{"name":"ProductCard","decl":{"start":{"line":10,"column":9},"end":{"line":10,"column":20}},"loc":{"start":{"line":10,"column":34},"end":{"line":130,"column":1}},"line":10},"1":{"name":"(anonymous_1)","decl":{"start":{"line":15,"column":12},"end":{"line":15,"column":13}},"loc":{"start":{"line":15,"column":18},"end":{"line":20,"column":3}},"line":15},"2":{"name":"(anonymous_2)","decl":{"start":{"line":16,"column":18},"end":{"line":16,"column":19}},"loc":{"start":{"line":16,"column":28},"end":{"line":16,"column":57}},"line":16},"3":{"name":"(anonymous_3)","decl":{"start":{"line":17,"column":36},"end":{"line":17,"column":37}},"loc":{"start":{"line":17,"column":46},"end":{"line":17,"column":75}},"line":17},"4":{"name":"(anonymous_4)","decl":{"start":{"line":22,"column":25},"end":{"line":22,"column":26}},"loc":{"start":{"line":22,"column":31},"end":{"line":25,"column":3}},"line":22},"5":{"name":"(anonymous_5)","decl":{"start":{"line":27,"column":25},"end":{"line":27,"column":26}},"loc":{"start":{"line":27,"column":31},"end":{"line":29,"column":3}},"line":27},"6":{"name":"(anonymous_6)","decl":{"start":{"line":31,"column":12},"end":{"line":31,"column":13}},"loc":{"start":{"line":31,"column":18},"end":{"line":61,"column":3}},"line":31},"7":{"name":"(anonymous_7)","decl":{"start":{"line":37,"column":33},"end":{"line":37,"column":34}},"loc":{"start":{"line":37,"column":43},"end":{"line":37,"column":72}},"line":37},"8":{"name":"(anonymous_8)","decl":{"start":{"line":50,"column":33},"end":{"line":50,"column":34}},"loc":{"start":{"line":50,"column":43},"end":{"line":58,"column":5}},"line":50},"9":{"name":"(anonymous_9)","decl":{"start":{"line":109,"column":25},"end":{"line":109,"column":26}},"loc":{"start":{"line":109,"column":41},"end":{"line":109,"column":74}},"line":109}},"branchMap":{"0":{"loc":{"start":{"line":16,"column":4},"end":{"line":19,"column":5}},"type":"if","locations":[{"start":{"line":16,"column":4},"end":{"line":19,"column":5}},{"start":{},"end":{}}],"line":16},"1":{"loc":{"start":{"line":23,"column":4},"end":{"line":23,"column":26}},"type":"if","locations":[{"start":{"line":23,"column":4},"end":{"line":23,"column":26}},{"start":{},"end":{}}],"line":23},"2":{"loc":{"start":{"line":32,"column":4},"end":{"line":35,"column":5}},"type":"if","locations":[{"start":{"line":32,"column":4},"end":{"line":35,"column":5}},{"start":{},"end":{}}],"line":32},"3":{"loc":{"start":{"line":39,"column":4},"end":{"line":48,"column":5}},"type":"if","locations":[{"start":{"line":39,"column":4},"end":{"line":48,"column":5}},{"start":{},"end":{}}],"line":39},"4":{"loc":{"start":{"line":51,"column":6},"end":{"line":56,"column":7}},"type":"if","locations":[{"start":{"line":51,"column":6},"end":{"line":56,"column":7}},{"start":{},"end":{}}],"line":51}},"s":{"0":0,"1":0,"2":0,"3":0,"4":0,"5":0,"6":0,"7":0,"8":0,"9":0,"10":0,"11":0,"12":0,"13":0,"14":0,"15":0,"16":0,"17":0,"18":0,"19":0,"20":0,"21":0,"22":0,"23":0,"24":0,"25":0,"26":0,"27":0,"28":0,"29":0,"30":0,"31":6},"f":{"0":0,"1":0,"2":0,"3":0,"4":0,"5":0,"6":0,"7":0,"8":0,"9":0},"b":{"0":[0,0],"1":[0,0],"2":[0,0],"3":[0,0],"4":[0,0]},"_coverageSchema":"1a1c01bbd47fc00a2c39e90264f33305004495a9","hash":"d4a74ead6362be9c80c872f79aee815cac00609f"}
,"/home/mauro/Documents/Projetos-Trybe/sd-019-a-project-delivery-app/front-end/src/components/SellerOrderCard.js": {"path":"/home/mauro/Documents/Projetos-Trybe/sd-019-a-project-delivery-app/front-end/src/components/SellerOrderCard.js","statementMap":{"0":{"start":{"line":7,"column":18},"end":{"line":7,"column":30}},"1":{"start":{"line":9,"column":25},"end":{"line":11,"column":3}},"2":{"start":{"line":10,"column":4},"end":{"line":10,"column":51}},"3":{"start":{"line":14,"column":17},"end":{"line":14,"column":35}},"4":{"start":{"line":15,"column":4},"end":{"line":15,"column":44}},"5":{"start":{"line":18,"column":2},"end":{"line":81,"column":4}},"6":{"start":{"line":84,"column":0},"end":{"line":93,"column":2}}},"fnMap":{"0":{"name":"SellerOrderCard","decl":{"start":{"line":6,"column":24},"end":{"line":6,"column":39}},"loc":{"start":{"line":6,"column":55},"end":{"line":82,"column":1}},"line":6},"1":{"name":"(anonymous_1)","decl":{"start":{"line":9,"column":25},"end":{"line":9,"column":26}},"loc":{"start":{"line":9,"column":31},"end":{"line":11,"column":3}},"line":9},"2":{"name":"formatDate","decl":{"start":{"line":13,"column":11},"end":{"line":13,"column":21}},"loc":{"start":{"line":13,"column":32},"end":{"line":16,"column":3}},"line":13}},"branchMap":{},"s":{"0":8,"1":8,"2":1,"3":8,"4":8,"5":8,"6":6},"f":{"0":8,"1":1,"2":8},"b":{},"_coverageSchema":"1a1c01bbd47fc00a2c39e90264f33305004495a9","hash":"a601d1f62584ba933d67177aca45aba4125765bf"}
,"/home/mauro/Documents/Projetos-Trybe/sd-019-a-project-delivery-app/front-end/src/components/SellerOrderDetails.js": {"path":"/home/mauro/Documents/Projetos-Trybe/sd-019-a-project-delivery-app/front-end/src/components/SellerOrderDetails.js","statementMap":{"0":{"start":{"line":8,"column":16},"end":{"line":14,"column":1}},"1":{"start":{"line":16,"column":23},"end":{"line":16,"column":64}},"2":{"start":{"line":18,"column":19},"end":{"line":18,"column":42}},"3":{"start":{"line":19,"column":55},"end":{"line":19,"column":70}},"4":{"start":{"line":20,"column":56},"end":{"line":20,"column":71}},"5":{"start":{"line":21,"column":30},"end":{"line":21,"column":51}},"6":{"start":{"line":23,"column":24},"end":{"line":25,"column":3}},"7":{"start":{"line":24,"column":4},"end":{"line":24,"column":63}},"8":{"start":{"line":24,"column":35},"end":{"line":24,"column":63}},"9":{"start":{"line":27,"column":24},"end":{"line":33,"column":3}},"10":{"start":{"line":28,"column":4},"end":{"line":31,"column":5}},"11":{"start":{"line":29,"column":6},"end":{"line":29,"column":36}},"12":{"start":{"line":30,"column":6},"end":{"line":30,"column":13}},"13":{"start":{"line":32,"column":4},"end":{"line":32,"column":33}},"14":{"start":{"line":36,"column":17},"end":{"line":36,"column":35}},"15":{"start":{"line":37,"column":4},"end":{"line":37,"column":44}},"16":{"start":{"line":40,"column":22},"end":{"line":47,"column":3}},"17":{"start":{"line":41,"column":4},"end":{"line":43,"column":7}},"18":{"start":{"line":45,"column":18},"end":{"line":45,"column":48}},"19":{"start":{"line":46,"column":4},"end":{"line":46,"column":41}},"20":{"start":{"line":49,"column":2},"end":{"line":52,"column":15}},"21":{"start":{"line":50,"column":4},"end":{"line":50,"column":26}},"22":{"start":{"line":51,"column":4},"end":{"line":51,"column":26}},"23":{"start":{"line":54,"column":2},"end":{"line":95,"column":4}},"24":{"start":{"line":98,"column":0},"end":{"line":105,"column":2}}},"fnMap":{"0":{"name":"SellerOrderDetails","decl":{"start":{"line":17,"column":24},"end":{"line":17,"column":42}},"loc":{"start":{"line":17,"column":53},"end":{"line":96,"column":1}},"line":17},"1":{"name":"(anonymous_1)","decl":{"start":{"line":23,"column":24},"end":{"line":23,"column":25}},"loc":{"start":{"line":23,"column":40},"end":{"line":25,"column":3}},"line":23},"2":{"name":"(anonymous_2)","decl":{"start":{"line":27,"column":24},"end":{"line":27,"column":25}},"loc":{"start":{"line":27,"column":40},"end":{"line":33,"column":3}},"line":27},"3":{"name":"formatDate","decl":{"start":{"line":35,"column":11},"end":{"line":35,"column":21}},"loc":{"start":{"line":35,"column":32},"end":{"line":38,"column":3}},"line":35},"4":{"name":"(anonymous_4)","decl":{"start":{"line":40,"column":22},"end":{"line":40,"column":23}},"loc":{"start":{"line":40,"column":34},"end":{"line":47,"column":3}},"line":40},"5":{"name":"(anonymous_5)","decl":{"start":{"line":49,"column":12},"end":{"line":49,"column":13}},"loc":{"start":{"line":49,"column":18},"end":{"line":52,"column":3}},"line":49}},"branchMap":{"0":{"loc":{"start":{"line":24,"column":4},"end":{"line":24,"column":63}},"type":"if","locations":[{"start":{"line":24,"column":4},"end":{"line":24,"column":63}},{"start":{},"end":{}}],"line":24},"1":{"loc":{"start":{"line":28,"column":4},"end":{"line":31,"column":5}},"type":"if","locations":[{"start":{"line":28,"column":4},"end":{"line":31,"column":5}},{"start":{},"end":{}}],"line":28}},"s":{"0":6,"1":6,"2":12,"3":12,"4":12,"5":12,"6":12,"7":6,"8":3,"9":12,"10":6,"11":2,"12":2,"13":4,"14":12,"15":12,"16":12,"17":3,"18":3,"19":3,"20":12,"21":6,"22":6,"23":12,"24":6},"f":{"0":12,"1":6,"2":6,"3":12,"4":3,"5":6},"b":{"0":[3,3],"1":[2,4]},"_coverageSchema":"1a1c01bbd47fc00a2c39e90264f33305004495a9","hash":"ea73fd1e081d18101bdac76470272af27262749b"}
,"/home/mauro/Documents/Projetos-Trybe/sd-019-a-project-delivery-app/front-end/src/context/admin/AdminContext.js": {"path":"/home/mauro/Documents/Projetos-Trybe/sd-019-a-project-delivery-app/front-end/src/context/admin/AdminContext.js","statementMap":{"0":{"start":{"line":3,"column":21},"end":{"line":3,"column":36}}},"fnMap":{},"branchMap":{},"s":{"0":6},"f":{},"b":{},"_coverageSchema":"1a1c01bbd47fc00a2c39e90264f33305004495a9","hash":"61d1cfdb2796d7131b1b306d224d466a676371c1"}
,"/home/mauro/Documents/Projetos-Trybe/sd-019-a-project-delivery-app/front-end/src/context/admin/AdminProvider.js": {"path":"/home/mauro/Documents/Projetos-Trybe/sd-019-a-project-delivery-app/front-end/src/context/admin/AdminProvider.js","statementMap":{"0":{"start":{"line":6,"column":36},"end":{"line":6,"column":48}},"1":{"start":{"line":8,"column":23},"end":{"line":11,"column":32}},"2":{"start":{"line":8,"column":38},"end":{"line":11,"column":3}},"3":{"start":{"line":13,"column":2},"end":{"line":17,"column":4}},"4":{"start":{"line":20,"column":0},"end":{"line":22,"column":2}}},"fnMap":{"0":{"name":"AdminProvider","decl":{"start":{"line":5,"column":9},"end":{"line":5,"column":22}},"loc":{"start":{"line":5,"column":37},"end":{"line":18,"column":1}},"line":5},"1":{"name":"(anonymous_1)","decl":{"start":{"line":8,"column":31},"end":{"line":8,"column":32}},"loc":{"start":{"line":8,"column":38},"end":{"line":11,"column":3}},"line":8}},"branchMap":{},"s":{"0":35,"1":35,"2":35,"3":35,"4":6},"f":{"0":35,"1":35},"b":{},"_coverageSchema":"1a1c01bbd47fc00a2c39e90264f33305004495a9","hash":"501337748c65e38be8c63f41699ab8adc7bcc6a8"}
,"/home/mauro/Documents/Projetos-Trybe/sd-019-a-project-delivery-app/front-end/src/context/cart/CartContext.js": {"path":"/home/mauro/Documents/Projetos-Trybe/sd-019-a-project-delivery-app/front-end/src/context/cart/CartContext.js","statementMap":{"0":{"start":{"line":3,"column":20},"end":{"line":3,"column":35}}},"fnMap":{},"branchMap":{},"s":{"0":6},"f":{},"b":{},"_coverageSchema":"1a1c01bbd47fc00a2c39e90264f33305004495a9","hash":"6fd76c0c5e352ea499a0775a0941faa1f3b88c39"}
,"/home/mauro/Documents/Projetos-Trybe/sd-019-a-project-delivery-app/front-end/src/context/cart/CartProvider.js": {"path":"/home/mauro/Documents/Projetos-Trybe/sd-019-a-project-delivery-app/front-end/src/context/cart/CartProvider.js","statementMap":{"0":{"start":{"line":6,"column":26},"end":{"line":8,"column":3}},"1":{"start":{"line":10,"column":2},"end":{"line":16,"column":13}},"2":{"start":{"line":11,"column":4},"end":{"line":14,"column":5}},"3":{"start":{"line":12,"column":6},"end":{"line":12,"column":57}},"4":{"start":{"line":13,"column":6},"end":{"line":13,"column":13}},"5":{"start":{"line":15,"column":4},"end":{"line":15,"column":36}},"6":{"start":{"line":18,"column":23},"end":{"line":21,"column":22}},"7":{"start":{"line":18,"column":38},"end":{"line":21,"column":3}},"8":{"start":{"line":23,"column":2},"end":{"line":27,"column":4}},"9":{"start":{"line":30,"column":0},"end":{"line":32,"column":2}}},"fnMap":{"0":{"name":"CartProvider","decl":{"start":{"line":5,"column":9},"end":{"line":5,"column":21}},"loc":{"start":{"line":5,"column":36},"end":{"line":28,"column":1}},"line":5},"1":{"name":"(anonymous_1)","decl":{"start":{"line":10,"column":12},"end":{"line":10,"column":13}},"loc":{"start":{"line":10,"column":18},"end":{"line":16,"column":3}},"line":10},"2":{"name":"(anonymous_2)","decl":{"start":{"line":18,"column":31},"end":{"line":18,"column":32}},"loc":{"start":{"line":18,"column":38},"end":{"line":21,"column":3}},"line":18}},"branchMap":{"0":{"loc":{"start":{"line":7,"column":4},"end":{"line":7,"column":50}},"type":"binary-expr","locations":[{"start":{"line":7,"column":4},"end":{"line":7,"column":44}},{"start":{"line":7,"column":48},"end":{"line":7,"column":50}}],"line":7},"1":{"loc":{"start":{"line":11,"column":4},"end":{"line":14,"column":5}},"type":"if","locations":[{"start":{"line":11,"column":4},"end":{"line":14,"column":5}},{"start":{},"end":{}}],"line":11}},"s":{"0":34,"1":34,"2":34,"3":0,"4":0,"5":34,"6":34,"7":34,"8":34,"9":6},"f":{"0":34,"1":34,"2":34},"b":{"0":[34,34],"1":[0,34]},"_coverageSchema":"1a1c01bbd47fc00a2c39e90264f33305004495a9","hash":"2c0a76faaf0ed73a2b778769a5efef8af61c1111"}
,"/home/mauro/Documents/Projetos-Trybe/sd-019-a-project-delivery-app/front-end/src/context/user/UserContext.js": {"path":"/home/mauro/Documents/Projetos-Trybe/sd-019-a-project-delivery-app/front-end/src/context/user/UserContext.js","statementMap":{"0":{"start":{"line":3,"column":20},"end":{"line":3,"column":35}}},"fnMap":{},"branchMap":{},"s":{"0":6},"f":{},"b":{},"_coverageSchema":"1a1c01bbd47fc00a2c39e90264f33305004495a9","hash":"529555f8f9c45f0bd4974ba956f51a874ce5fd94"}
,"/home/mauro/Documents/Projetos-Trybe/sd-019-a-project-delivery-app/front-end/src/context/user/UserProvider.js": {"path":"/home/mauro/Documents/Projetos-Trybe/sd-019-a-project-delivery-app/front-end/src/context/user/UserProvider.js","statementMap":{"0":{"start":{"line":7,"column":18},"end":{"line":7,"column":30}},"1":{"start":{"line":8,"column":23},"end":{"line":8,"column":36}},"2":{"start":{"line":13,"column":26},"end":{"line":15,"column":3}},"3":{"start":{"line":21,"column":2},"end":{"line":28,"column":13}},"4":{"start":{"line":22,"column":4},"end":{"line":26,"column":5}},"5":{"start":{"line":23,"column":6},"end":{"line":23,"column":27}},"6":{"start":{"line":24,"column":6},"end":{"line":24,"column":29}},"7":{"start":{"line":25,"column":6},"end":{"line":25,"column":13}},"8":{"start":{"line":27,"column":4},"end":{"line":27,"column":55}},"9":{"start":{"line":30,"column":23},"end":{"line":35,"column":13}},"10":{"start":{"line":30,"column":38},"end":{"line":33,"column":3}},"11":{"start":{"line":37,"column":2},"end":{"line":41,"column":4}},"12":{"start":{"line":44,"column":0},"end":{"line":46,"column":2}}},"fnMap":{"0":{"name":"UserProvider","decl":{"start":{"line":6,"column":9},"end":{"line":6,"column":21}},"loc":{"start":{"line":6,"column":36},"end":{"line":42,"column":1}},"line":6},"1":{"name":"(anonymous_1)","decl":{"start":{"line":21,"column":12},"end":{"line":21,"column":13}},"loc":{"start":{"line":21,"column":18},"end":{"line":28,"column":3}},"line":21},"2":{"name":"(anonymous_2)","decl":{"start":{"line":30,"column":31},"end":{"line":30,"column":32}},"loc":{"start":{"line":30,"column":38},"end":{"line":33,"column":3}},"line":30}},"branchMap":{"0":{"loc":{"start":{"line":14,"column":4},"end":{"line":14,"column":50}},"type":"binary-expr","locations":[{"start":{"line":14,"column":4},"end":{"line":14,"column":44}},{"start":{"line":14,"column":48},"end":{"line":14,"column":50}}],"line":14},"1":{"loc":{"start":{"line":22,"column":4},"end":{"line":26,"column":5}},"type":"if","locations":[{"start":{"line":22,"column":4},"end":{"line":26,"column":5}},{"start":{},"end":{}}],"line":22},"2":{"loc":{"start":{"line":22,"column":8},"end":{"line":22,"column":47}},"type":"binary-expr","locations":[{"start":{"line":22,"column":8},"end":{"line":22,"column":32}},{"start":{"line":22,"column":36},"end":{"line":22,"column":47}}],"line":22}},"s":{"0":216,"1":216,"2":216,"3":216,"4":38,"5":10,"6":10,"7":10,"8":28,"9":216,"10":38,"11":216,"12":6},"f":{"0":216,"1":38,"2":38},"b":{"0":[216,191],"1":[10,28],"2":[38,29]},"_coverageSchema":"1a1c01bbd47fc00a2c39e90264f33305004495a9","hash":"f23116287efb3a588ef9bca933c2cb941eae2621"}
,"/home/mauro/Documents/Projetos-Trybe/sd-019-a-project-delivery-app/front-end/src/pages/AdminManage.js": {"path":"/home/mauro/Documents/Projetos-Trybe/sd-019-a-project-delivery-app/front-end/src/pages/AdminManage.js","statementMap":{"0":{"start":{"line":12,"column":2},"end":{"line":23,"column":4}}},"fnMap":{"0":{"name":"AdminManage","decl":{"start":{"line":9,"column":9},"end":{"line":9,"column":20}},"loc":{"start":{"line":9,"column":23},"end":{"line":24,"column":1}},"line":9}},"branchMap":{},"s":{"0":1},"f":{"0":1},"b":{},"_coverageSchema":"1a1c01bbd47fc00a2c39e90264f33305004495a9","hash":"45d7f51a96120c2636e04f8735cdea0d2cc4eec4"}
,"/home/mauro/Documents/Projetos-Trybe/sd-019-a-project-delivery-app/front-end/src/pages/CustomerCheckout.js": {"path":"/home/mauro/Documents/Projetos-Trybe/sd-019-a-project-delivery-app/front-end/src/pages/CustomerCheckout.js","statementMap":{"0":{"start":{"line":9,"column":19},"end":{"line":9,"column":42}},"1":{"start":{"line":11,"column":25},"end":{"line":14,"column":3}},"2":{"start":{"line":12,"column":18},"end":{"line":12,"column":86}},"3":{"start":{"line":12,"column":54},"end":{"line":12,"column":81}},"4":{"start":{"line":13,"column":4},"end":{"line":13,"column":17}},"5":{"start":{"line":16,"column":2},"end":{"line":51,"column":4}}},"fnMap":{"0":{"name":"CustomerCheckout","decl":{"start":{"line":8,"column":9},"end":{"line":8,"column":25}},"loc":{"start":{"line":8,"column":28},"end":{"line":52,"column":1}},"line":8},"1":{"name":"(anonymous_1)","decl":{"start":{"line":11,"column":25},"end":{"line":11,"column":26}},"loc":{"start":{"line":11,"column":31},"end":{"line":14,"column":3}},"line":11},"2":{"name":"(anonymous_2)","decl":{"start":{"line":12,"column":30},"end":{"line":12,"column":31}},"loc":{"start":{"line":12,"column":54},"end":{"line":12,"column":81}},"line":12}},"branchMap":{},"s":{"0":0,"1":0,"2":0,"3":0,"4":0,"5":0},"f":{"0":0,"1":0,"2":0},"b":{},"_coverageSchema":"1a1c01bbd47fc00a2c39e90264f33305004495a9","hash":"fbac6e75451045c3c4cab97ed3988cf8ba7a9d1d"}
,"/home/mauro/Documents/Projetos-Trybe/sd-019-a-project-delivery-app/front-end/src/pages/CustomerOrdersList.js": {"path":"/home/mauro/Documents/Projetos-Trybe/sd-019-a-project-delivery-app/front-end/src/pages/CustomerOrdersList.js","statementMap":{"0":{"start":{"line":10,"column":19},"end":{"line":10,"column":42}},"1":{"start":{"line":11,"column":38},"end":{"line":11,"column":50}},"2":{"start":{"line":13,"column":2},"end":{"line":21,"column":9}},"3":{"start":{"line":14,"column":28},"end":{"line":19,"column":5}},"4":{"start":{"line":15,"column":23},"end":{"line":17,"column":8}},"5":{"start":{"line":18,"column":6},"end":{"line":18,"column":26}},"6":{"start":{"line":20,"column":4},"end":{"line":20,"column":22}},"7":{"start":{"line":23,"column":2},"end":{"line":37,"column":4}},"8":{"start":{"line":30,"column":12},"end":{"line":32,"column":19}}},"fnMap":{"0":{"name":"CustomerOrdersList","decl":{"start":{"line":9,"column":24},"end":{"line":9,"column":42}},"loc":{"start":{"line":9,"column":45},"end":{"line":38,"column":1}},"line":9},"1":{"name":"(anonymous_1)","decl":{"start":{"line":13,"column":12},"end":{"line":13,"column":13}},"loc":{"start":{"line":13,"column":18},"end":{"line":21,"column":3}},"line":13},"2":{"name":"(anonymous_2)","decl":{"start":{"line":14,"column":28},"end":{"line":14,"column":29}},"loc":{"start":{"line":14,"column":40},"end":{"line":19,"column":5}},"line":14},"3":{"name":"(anonymous_3)","decl":{"start":{"line":29,"column":26},"end":{"line":29,"column":27}},"loc":{"start":{"line":30,"column":12},"end":{"line":32,"column":19}},"line":30}},"branchMap":{"0":{"loc":{"start":{"line":27,"column":7},"end":{"line":35,"column":7}},"type":"binary-expr","locations":[{"start":{"line":27,"column":7},"end":{"line":27,"column":17}},{"start":{"line":28,"column":8},"end":{"line":34,"column":15}}],"line":27}},"s":{"0":8,"1":8,"2":8,"3":4,"4":4,"5":4,"6":4,"7":8,"8":8},"f":{"0":8,"1":4,"2":4,"3":8},"b":{"0":[8,4]},"_coverageSchema":"1a1c01bbd47fc00a2c39e90264f33305004495a9","hash":"d98fd744fe250e673b2505c650d0140323f227dd"}
,"/home/mauro/Documents/Projetos-Trybe/sd-019-a-project-delivery-app/front-end/src/pages/CustomerProducts.js": {"path":"/home/mauro/Documents/Projetos-Trybe/sd-019-a-project-delivery-app/front-end/src/pages/CustomerProducts.js","statementMap":{"0":{"start":{"line":12,"column":19},"end":{"line":12,"column":42}},"1":{"start":{"line":14,"column":34},"end":{"line":14,"column":46}},"2":{"start":{"line":16,"column":2},"end":{"line":24,"column":13}},"3":{"start":{"line":17,"column":26},"end":{"line":22,"column":5}},"4":{"start":{"line":18,"column":23},"end":{"line":20,"column":8}},"5":{"start":{"line":21,"column":6},"end":{"line":21,"column":24}},"6":{"start":{"line":23,"column":4},"end":{"line":23,"column":20}},"7":{"start":{"line":26,"column":2},"end":{"line":51,"column":4}},"8":{"start":{"line":45,"column":14},"end":{"line":45,"column":63}}},"fnMap":{"0":{"name":"CustomerProducts","decl":{"start":{"line":11,"column":9},"end":{"line":11,"column":25}},"loc":{"start":{"line":11,"column":28},"end":{"line":52,"column":1}},"line":11},"1":{"name":"(anonymous_1)","decl":{"start":{"line":16,"column":12},"end":{"line":16,"column":13}},"loc":{"start":{"line":16,"column":18},"end":{"line":24,"column":3}},"line":16},"2":{"name":"(anonymous_2)","decl":{"start":{"line":17,"column":26},"end":{"line":17,"column":27}},"loc":{"start":{"line":17,"column":38},"end":{"line":22,"column":5}},"line":17},"3":{"name":"(anonymous_3)","decl":{"start":{"line":44,"column":26},"end":{"line":44,"column":27}},"loc":{"start":{"line":45,"column":14},"end":{"line":45,"column":63}},"line":45}},"branchMap":{"0":{"loc":{"start":{"line":37,"column":7},"end":{"line":49,"column":14}},"type":"cond-expr","locations":[{"start":{"line":39,"column":10},"end":{"line":47,"column":20}},{"start":{"line":49,"column":10},"end":{"line":49,"column":14}}],"line":37}},"s":{"0":7,"1":6,"2":6,"3":3,"4":3,"5":3,"6":3,"7":6,"8":0},"f":{"0":7,"1":3,"2":3,"3":0},"b":{"0":[0,6]},"_coverageSchema":"1a1c01bbd47fc00a2c39e90264f33305004495a9","hash":"80c2830996d25ff5c719869177f9baaf1d441ab8"}
,"/home/mauro/Documents/Projetos-Trybe/sd-019-a-project-delivery-app/front-end/src/pages/CustomerSaleDetails.js": {"path":"/home/mauro/Documents/Projetos-Trybe/sd-019-a-project-delivery-app/front-end/src/pages/CustomerSaleDetails.js","statementMap":{"0":{"start":{"line":12,"column":19},"end":{"line":12,"column":42}},"1":{"start":{"line":13,"column":17},"end":{"line":13,"column":28}},"2":{"start":{"line":14,"column":26},"end":{"line":14,"column":38}},"3":{"start":{"line":16,"column":2},"end":{"line":24,"column":13}},"4":{"start":{"line":17,"column":22},"end":{"line":22,"column":5}},"5":{"start":{"line":18,"column":23},"end":{"line":20,"column":8}},"6":{"start":{"line":21,"column":6},"end":{"line":21,"column":20}},"7":{"start":{"line":23,"column":4},"end":{"line":23,"column":16}},"8":{"start":{"line":26,"column":2},"end":{"line":47,"column":4}}},"fnMap":{"0":{"name":"CustomerSaleDetails","decl":{"start":{"line":11,"column":9},"end":{"line":11,"column":28}},"loc":{"start":{"line":11,"column":31},"end":{"line":48,"column":1}},"line":11},"1":{"name":"(anonymous_1)","decl":{"start":{"line":16,"column":12},"end":{"line":16,"column":13}},"loc":{"start":{"line":16,"column":18},"end":{"line":24,"column":3}},"line":16},"2":{"name":"(anonymous_2)","decl":{"start":{"line":17,"column":22},"end":{"line":17,"column":23}},"loc":{"start":{"line":17,"column":34},"end":{"line":22,"column":5}},"line":17}},"branchMap":{"0":{"loc":{"start":{"line":31,"column":8},"end":{"line":44,"column":23}},"type":"binary-expr","locations":[{"start":{"line":31,"column":8},"end":{"line":31,"column":12}},{"start":{"line":33,"column":10},"end":{"line":44,"column":22}}],"line":31}},"s":{"0":6,"1":6,"2":6,"3":6,"4":4,"5":4,"6":4,"7":4,"8":6},"f":{"0":6,"1":4,"2":4},"b":{"0":[6,2]},"_coverageSchema":"1a1c01bbd47fc00a2c39e90264f33305004495a9","hash":"4b4babded4c321141a2fac99c514cc4788bb750f"}
,"/home/mauro/Documents/Projetos-Trybe/sd-019-a-project-delivery-app/front-end/src/pages/Login.js": {"path":"/home/mauro/Documents/Projetos-Trybe/sd-019-a-project-delivery-app/front-end/src/pages/Login.js","statementMap":{"0":{"start":{"line":9,"column":16},"end":{"line":13,"column":1}},"1":{"start":{"line":16,"column":36},"end":{"line":19,"column":4}},"2":{"start":{"line":20,"column":42},"end":{"line":20,"column":57}},"3":{"start":{"line":21,"column":42},"end":{"line":21,"column":57}},"4":{"start":{"line":22,"column":42},"end":{"line":22,"column":54}},"5":{"start":{"line":23,"column":28},"end":{"line":23,"column":51}},"6":{"start":{"line":25,"column":18},"end":{"line":25,"column":30}},"7":{"start":{"line":27,"column":23},"end":{"line":29,"column":3}},"8":{"start":{"line":28,"column":4},"end":{"line":28,"column":37}},"9":{"start":{"line":31,"column":2},"end":{"line":40,"column":18}},"10":{"start":{"line":32,"column":4},"end":{"line":32,"column":29}},"11":{"start":{"line":32,"column":14},"end":{"line":32,"column":29}},"12":{"start":{"line":33,"column":32},"end":{"line":33,"column":41}},"13":{"start":{"line":34,"column":46},"end":{"line":34,"column":57}},"14":{"start":{"line":36,"column":26},"end":{"line":36,"column":62}},"15":{"start":{"line":37,"column":23},"end":{"line":37,"column":45}},"16":{"start":{"line":39,"column":4},"end":{"line":39,"column":49}},"17":{"start":{"line":42,"column":23},"end":{"line":44,"column":3}},"18":{"start":{"line":43,"column":4},"end":{"line":43,"column":50}},"19":{"start":{"line":46,"column":23},"end":{"line":71,"column":3}},"20":{"start":{"line":47,"column":4},"end":{"line":47,"column":27}},"21":{"start":{"line":48,"column":32},"end":{"line":48,"column":41}},"22":{"start":{"line":52,"column":4},"end":{"line":67,"column":5}},"23":{"start":{"line":53,"column":23},"end":{"line":56,"column":7}},"24":{"start":{"line":57,"column":6},"end":{"line":57,"column":22}},"25":{"start":{"line":58,"column":6},"end":{"line":58,"column":31}},"26":{"start":{"line":60,"column":20},"end":{"line":60,"column":63}},"27":{"start":{"line":62,"column":6},"end":{"line":62,"column":76}},"28":{"start":{"line":62,"column":44},"end":{"line":62,"column":76}},"29":{"start":{"line":64,"column":6},"end":{"line":64,"column":31}},"30":{"start":{"line":65,"column":6},"end":{"line":65,"column":28}},"31":{"start":{"line":66,"column":6},"end":{"line":66,"column":13}},"32":{"start":{"line":69,"column":4},"end":{"line":69,"column":22}},"33":{"start":{"line":70,"column":4},"end":{"line":70,"column":22}},"34":{"start":{"line":73,"column":28},"end":{"line":73,"column":59}},"35":{"start":{"line":73,"column":34},"end":{"line":73,"column":59}},"36":{"start":{"line":75,"column":2},"end":{"line":130,"column":4}}},"fnMap":{"0":{"name":"Login","decl":{"start":{"line":15,"column":9},"end":{"line":15,"column":14}},"loc":{"start":{"line":15,"column":17},"end":{"line":131,"column":1}},"line":15},"1":{"name":"(anonymous_1)","decl":{"start":{"line":27,"column":23},"end":{"line":27,"column":24}},"loc":{"start":{"line":27,"column":29},"end":{"line":29,"column":3}},"line":27},"2":{"name":"(anonymous_2)","decl":{"start":{"line":31,"column":12},"end":{"line":31,"column":13}},"loc":{"start":{"line":31,"column":18},"end":{"line":40,"column":3}},"line":31},"3":{"name":"(anonymous_3)","decl":{"start":{"line":42,"column":23},"end":{"line":42,"column":24}},"loc":{"start":{"line":42,"column":56},"end":{"line":44,"column":3}},"line":42},"4":{"name":"(anonymous_4)","decl":{"start":{"line":46,"column":23},"end":{"line":46,"column":24}},"loc":{"start":{"line":46,"column":40},"end":{"line":71,"column":3}},"line":46},"5":{"name":"(anonymous_5)","decl":{"start":{"line":73,"column":28},"end":{"line":73,"column":29}},"loc":{"start":{"line":73,"column":34},"end":{"line":73,"column":59}},"line":73}},"branchMap":{"0":{"loc":{"start":{"line":32,"column":4},"end":{"line":32,"column":29}},"type":"if","locations":[{"start":{"line":32,"column":4},"end":{"line":32,"column":29}},{"start":{},"end":{}}],"line":32},"1":{"loc":{"start":{"line":39,"column":20},"end":{"line":39,"column":47}},"type":"binary-expr","locations":[{"start":{"line":39,"column":20},"end":{"line":39,"column":33}},{"start":{"line":39,"column":37},"end":{"line":39,"column":47}}],"line":39},"2":{"loc":{"start":{"line":62,"column":6},"end":{"line":62,"column":76}},"type":"if","locations":[{"start":{"line":62,"column":6},"end":{"line":62,"column":76}},{"start":{},"end":{}}],"line":62}},"s":{"0":6,"1":316,"2":316,"3":316,"4":316,"5":316,"6":316,"7":316,"8":160,"9":316,"10":160,"11":160,"12":160,"13":160,"14":160,"15":160,"16":160,"17":316,"18":149,"19":316,"20":5,"21":5,"22":5,"23":5,"24":3,"25":3,"26":2,"27":2,"28":1,"29":2,"30":2,"31":2,"32":3,"33":3,"34":316,"35":1,"36":316},"f":{"0":316,"1":160,"2":160,"3":149,"4":5,"5":1},"b":{"0":[160,0],"1":[160,6],"2":[1,1]},"_coverageSchema":"1a1c01bbd47fc00a2c39e90264f33305004495a9","hash":"1ded3417912a4ae89de61775c19127cac0cc68df"}
,"/home/mauro/Documents/Projetos-Trybe/sd-019-a-project-delivery-app/front-end/src/pages/Register.js": {"path":"/home/mauro/Documents/Projetos-Trybe/sd-019-a-project-delivery-app/front-end/src/pages/Register.js","statementMap":{"0":{"start":{"line":10,"column":36},"end":{"line":14,"column":4}},"1":{"start":{"line":15,"column":48},"end":{"line":15,"column":63}},"2":{"start":{"line":16,"column":42},"end":{"line":16,"column":57}},"3":{"start":{"line":17,"column":42},"end":{"line":17,"column":54}},"4":{"start":{"line":18,"column":22},"end":{"line":18,"column":45}},"5":{"start":{"line":20,"column":18},"end":{"line":20,"column":30}},"6":{"start":{"line":22,"column":2},"end":{"line":31,"column":18}},"7":{"start":{"line":23,"column":38},"end":{"line":23,"column":47}},"8":{"start":{"line":24,"column":61},"end":{"line":24,"column":72}},"9":{"start":{"line":26,"column":22},"end":{"line":26,"column":50}},"10":{"start":{"line":27,"column":26},"end":{"line":27,"column":62}},"11":{"start":{"line":28,"column":23},"end":{"line":28,"column":45}},"12":{"start":{"line":30,"column":4},"end":{"line":30,"column":65}},"13":{"start":{"line":33,"column":23},"end":{"line":35,"column":3}},"14":{"start":{"line":34,"column":4},"end":{"line":34,"column":50}},"15":{"start":{"line":37,"column":23},"end":{"line":59,"column":3}},"16":{"start":{"line":38,"column":4},"end":{"line":38,"column":27}},"17":{"start":{"line":41,"column":4},"end":{"line":55,"column":5}},"18":{"start":{"line":42,"column":23},"end":{"line":45,"column":7}},"19":{"start":{"line":46,"column":6},"end":{"line":46,"column":22}},"20":{"start":{"line":48,"column":20},"end":{"line":48,"column":54}},"21":{"start":{"line":50,"column":6},"end":{"line":50,"column":76}},"22":{"start":{"line":50,"column":44},"end":{"line":50,"column":76}},"23":{"start":{"line":52,"column":6},"end":{"line":52,"column":31}},"24":{"start":{"line":53,"column":6},"end":{"line":53,"column":28}},"25":{"start":{"line":54,"column":6},"end":{"line":54,"column":13}},"26":{"start":{"line":57,"column":4},"end":{"line":57,"column":22}},"27":{"start":{"line":58,"column":4},"end":{"line":58,"column":39}},"28":{"start":{"line":61,"column":2},"end":{"line":116,"column":4}}},"fnMap":{"0":{"name":"Register","decl":{"start":{"line":9,"column":9},"end":{"line":9,"column":17}},"loc":{"start":{"line":9,"column":20},"end":{"line":117,"column":1}},"line":9},"1":{"name":"(anonymous_1)","decl":{"start":{"line":22,"column":12},"end":{"line":22,"column":13}},"loc":{"start":{"line":22,"column":18},"end":{"line":31,"column":3}},"line":22},"2":{"name":"(anonymous_2)","decl":{"start":{"line":33,"column":23},"end":{"line":33,"column":24}},"loc":{"start":{"line":33,"column":56},"end":{"line":35,"column":3}},"line":33},"3":{"name":"(anonymous_3)","decl":{"start":{"line":37,"column":23},"end":{"line":37,"column":24}},"loc":{"start":{"line":37,"column":40},"end":{"line":59,"column":3}},"line":37}},"branchMap":{"0":{"loc":{"start":{"line":30,"column":23},"end":{"line":30,"column":63}},"type":"binary-expr","locations":[{"start":{"line":30,"column":23},"end":{"line":30,"column":36}},{"start":{"line":30,"column":40},"end":{"line":30,"column":50}},{"start":{"line":30,"column":54},"end":{"line":30,"column":63}}],"line":30},"1":{"loc":{"start":{"line":50,"column":6},"end":{"line":50,"column":76}},"type":"if","locations":[{"start":{"line":50,"column":6},"end":{"line":50,"column":76}},{"start":{},"end":{}}],"line":50}},"s":{"0":484,"1":484,"2":484,"3":484,"4":484,"5":484,"6":484,"7":244,"8":244,"9":244,"10":244,"11":244,"12":244,"13":484,"14":235,"15":484,"16":3,"17":3,"18":3,"19":1,"20":2,"21":2,"22":1,"23":2,"24":2,"25":2,"26":1,"27":1,"28":484},"f":{"0":484,"1":244,"2":235,"3":3},"b":{"0":[244,5,4],"1":[1,1]},"_coverageSchema":"1a1c01bbd47fc00a2c39e90264f33305004495a9","hash":"458ec90b18504f642c4d04570595627fb1a25f17"}
,"/home/mauro/Documents/Projetos-Trybe/sd-019-a-project-delivery-app/front-end/src/pages/SellerOrdersList.js": {"path":"/home/mauro/Documents/Projetos-Trybe/sd-019-a-project-delivery-app/front-end/src/pages/SellerOrdersList.js","statementMap":{"0":{"start":{"line":10,"column":19},"end":{"line":10,"column":42}},"1":{"start":{"line":11,"column":38},"end":{"line":11,"column":50}},"2":{"start":{"line":13,"column":2},"end":{"line":21,"column":9}},"3":{"start":{"line":14,"column":28},"end":{"line":19,"column":5}},"4":{"start":{"line":15,"column":23},"end":{"line":17,"column":8}},"5":{"start":{"line":18,"column":6},"end":{"line":18,"column":26}},"6":{"start":{"line":20,"column":4},"end":{"line":20,"column":22}},"7":{"start":{"line":23,"column":2},"end":{"line":37,"column":4}},"8":{"start":{"line":30,"column":12},"end":{"line":32,"column":19}}},"fnMap":{"0":{"name":"SellerOrdersList","decl":{"start":{"line":9,"column":24},"end":{"line":9,"column":40}},"loc":{"start":{"line":9,"column":43},"end":{"line":38,"column":1}},"line":9},"1":{"name":"(anonymous_1)","decl":{"start":{"line":13,"column":12},"end":{"line":13,"column":13}},"loc":{"start":{"line":13,"column":18},"end":{"line":21,"column":3}},"line":13},"2":{"name":"(anonymous_2)","decl":{"start":{"line":14,"column":28},"end":{"line":14,"column":29}},"loc":{"start":{"line":14,"column":40},"end":{"line":19,"column":5}},"line":14},"3":{"name":"(anonymous_3)","decl":{"start":{"line":29,"column":26},"end":{"line":29,"column":27}},"loc":{"start":{"line":30,"column":12},"end":{"line":32,"column":19}},"line":30}},"branchMap":{"0":{"loc":{"start":{"line":27,"column":8},"end":{"line":35,"column":7}},"type":"binary-expr","locations":[{"start":{"line":27,"column":8},"end":{"line":27,"column":18}},{"start":{"line":28,"column":8},"end":{"line":34,"column":15}}],"line":27}},"s":{"0":10,"1":10,"2":10,"3":5,"4":5,"5":5,"6":5,"7":10,"8":8},"f":{"0":10,"1":5,"2":5,"3":8},"b":{"0":[10,5]},"_coverageSchema":"1a1c01bbd47fc00a2c39e90264f33305004495a9","hash":"8f4713253664e43a8ee056eea3818cbe2d52a440"}
,"/home/mauro/Documents/Projetos-Trybe/sd-019-a-project-delivery-app/front-end/src/pages/SellerSaleDetails.js": {"path":"/home/mauro/Documents/Projetos-Trybe/sd-019-a-project-delivery-app/front-end/src/pages/SellerSaleDetails.js","statementMap":{"0":{"start":{"line":12,"column":19},"end":{"line":12,"column":42}},"1":{"start":{"line":13,"column":17},"end":{"line":13,"column":28}},"2":{"start":{"line":14,"column":26},"end":{"line":14,"column":38}},"3":{"start":{"line":16,"column":2},"end":{"line":24,"column":13}},"4":{"start":{"line":17,"column":22},"end":{"line":22,"column":5}},"5":{"start":{"line":18,"column":23},"end":{"line":20,"column":8}},"6":{"start":{"line":21,"column":6},"end":{"line":21,"column":20}},"7":{"start":{"line":23,"column":4},"end":{"line":23,"column":16}},"8":{"start":{"line":26,"column":2},"end":{"line":47,"column":4}}},"fnMap":{"0":{"name":"SellerSaleDetails","decl":{"start":{"line":11,"column":9},"end":{"line":11,"column":26}},"loc":{"start":{"line":11,"column":29},"end":{"line":48,"column":1}},"line":11},"1":{"name":"(anonymous_1)","decl":{"start":{"line":16,"column":12},"end":{"line":16,"column":13}},"loc":{"start":{"line":16,"column":18},"end":{"line":24,"column":3}},"line":16},"2":{"name":"(anonymous_2)","decl":{"start":{"line":17,"column":22},"end":{"line":17,"column":23}},"loc":{"start":{"line":17,"column":34},"end":{"line":22,"column":5}},"line":17}},"branchMap":{"0":{"loc":{"start":{"line":31,"column":8},"end":{"line":44,"column":23}},"type":"binary-expr","locations":[{"start":{"line":31,"column":8},"end":{"line":31,"column":12}},{"start":{"line":33,"column":10},"end":{"line":44,"column":22}}],"line":31}},"s":{"0":8,"1":8,"2":8,"3":8,"4":5,"5":5,"6":5,"7":5,"8":8},"f":{"0":8,"1":5,"2":5},"b":{"0":[8,3]},"_coverageSchema":"1a1c01bbd47fc00a2c39e90264f33305004495a9","hash":"1823406e9ff49091b9a17bd76a1a342a40a15b41"}
,"/home/mauro/Documents/Projetos-Trybe/sd-019-a-project-delivery-app/front-end/src/styles/theme.js": {"path":"/home/mauro/Documents/Projetos-Trybe/sd-019-a-project-delivery-app/front-end/src/styles/theme.js","statementMap":{"0":{"start":{"line":3,"column":14},"end":{"line":13,"column":2}}},"fnMap":{},"branchMap":{},"s":{"0":6},"f":{},"b":{},"_coverageSchema":"1a1c01bbd47fc00a2c39e90264f33305004495a9","hash":"11cbc6ef238e38487ba691528d4c0e766d9b755c"}
,"/home/mauro/Documents/Projetos-Trybe/sd-019-a-project-delivery-app/front-end/src/tests/helpers/renderWithRouter.js": {"path":"/home/mauro/Documents/Projetos-Trybe/sd-019-a-project-delivery-app/front-end/src/tests/helpers/renderWithRouter.js","statementMap":{"0":{"start":{"line":9,"column":18},"end":{"line":9,"column":66}},"1":{"start":{"line":11,"column":2},"end":{"line":20,"column":5}}},"fnMap":{"0":{"name":"renderWithRouter","decl":{"start":{"line":8,"column":9},"end":{"line":8,"column":25}},"loc":{"start":{"line":8,"column":50},"end":{"line":21,"column":1}},"line":8}},"branchMap":{"0":{"loc":{"start":{"line":8,"column":37},"end":{"line":8,"column":48}},"type":"default-arg","locations":[{"start":{"line":8,"column":45},"end":{"line":8,"column":48}}],"line":8}},"s":{"0":34,"1":34},"f":{"0":34},"b":{"0":[11]},"_coverageSchema":"1a1c01bbd47fc00a2c39e90264f33305004495a9","hash":"86febd562fd6d9cbb2ce537784b246304e07052f"}
,"/home/mauro/Documents/Projetos-Trybe/sd-019-a-project-delivery-app/front-end/src/tests/mocks/Login.js": {"path":"/home/mauro/Documents/Projetos-Trybe/sd-019-a-project-delivery-app/front-end/src/tests/mocks/Login.js","statementMap":{"0":{"start":{"line":1,"column":25},"end":{"line":6,"column":1}},"1":{"start":{"line":8,"column":23},"end":{"line":13,"column":1}},"2":{"start":{"line":15,"column":22},"end":{"line":20,"column":1}},"3":{"start":{"line":22,"column":16},"end":{"line":28,"column":1}},"4":{"start":{"line":30,"column":0},"end":{"line":30,"column":78}}},"fnMap":{},"branchMap":{},"s":{"0":1,"1":1,"2":1,"3":1,"4":1},"f":{},"b":{},"_coverageSchema":"1a1c01bbd47fc00a2c39e90264f33305004495a9","hash":"0fdeb77bfff503ee3b4b46b9e8f6083573a63375"}
,"/home/mauro/Documents/Projetos-Trybe/sd-019-a-project-delivery-app/front-end/src/tests/mocks/Register.js": {"path":"/home/mauro/Documents/Projetos-Trybe/sd-019-a-project-delivery-app/front-end/src/tests/mocks/Register.js","statementMap":{"0":{"start":{"line":1,"column":25},"end":{"line":6,"column":1}},"1":{"start":{"line":8,"column":16},"end":{"line":14,"column":1}},"2":{"start":{"line":16,"column":0},"end":{"line":16,"column":47}}},"fnMap":{},"branchMap":{},"s":{"0":1,"1":1,"2":1},"f":{},"b":{},"_coverageSchema":"1a1c01bbd47fc00a2c39e90264f33305004495a9","hash":"c71a51d3c7d45fe30f8ed8c69a4fc88bbe4cea75"}
,"/home/mauro/Documents/Projetos-Trybe/sd-019-a-project-delivery-app/front-end/src/tests/mocks/customerOrdersListMocks.js": {"path":"/home/mauro/Documents/Projetos-Trybe/sd-019-a-project-delivery-app/front-end/src/tests/mocks/customerOrdersListMocks.js","statementMap":{"0":{"start":{"line":1,"column":29},"end":{"line":6,"column":1}},"1":{"start":{"line":8,"column":27},"end":{"line":13,"column":1}},"2":{"start":{"line":15,"column":29},"end":{"line":36,"column":1}}},"fnMap":{},"branchMap":{},"s":{"0":1,"1":1,"2":1},"f":{},"b":{},"_coverageSchema":"1a1c01bbd47fc00a2c39e90264f33305004495a9","hash":"0521eee1d3e15338f0483f327e69f445ffee8a3e"}
,"/home/mauro/Documents/Projetos-Trybe/sd-019-a-project-delivery-app/front-end/src/tests/mocks/mocks.js": {"path":"/home/mauro/Documents/Projetos-Trybe/sd-019-a-project-delivery-app/front-end/src/tests/mocks/mocks.js","statementMap":{"0":{"start":{"line":1,"column":21},"end":{"line":34,"column":1}},"1":{"start":{"line":36,"column":26},"end":{"line":69,"column":1}}},"fnMap":{},"branchMap":{},"s":{"0":2,"1":2},"f":{},"b":{},"_coverageSchema":"1a1c01bbd47fc00a2c39e90264f33305004495a9","hash":"2e6625e98678e18e1e0f75a8770e52ff1c6b9d70"}
,"/home/mauro/Documents/Projetos-Trybe/sd-019-a-project-delivery-app/front-end/src/tests/mocks/sellerOrdersListMocks.js": {"path":"/home/mauro/Documents/Projetos-Trybe/sd-019-a-project-delivery-app/front-end/src/tests/mocks/sellerOrdersListMocks.js","statementMap":{"0":{"start":{"line":1,"column":29},"end":{"line":5,"column":1}},"1":{"start":{"line":7,"column":27},"end":{"line":13,"column":1}},"2":{"start":{"line":15,"column":29},"end":{"line":36,"column":1}}},"fnMap":{},"branchMap":{},"s":{"0":1,"1":1,"2":1},"f":{},"b":{},"_coverageSchema":"1a1c01bbd47fc00a2c39e90264f33305004495a9","hash":"38fb067ed6b6bdfd469a42e5fdf1b70f0ddbed49"}
}
