TN:
SF:src/App.js
FN:18,App
FNF:1
FNH:1
FNDA:35,App
DA:19,35
LF:1
LH:1
BRF:0
BRH:0
end_of_record
TN:
SF:src/components/AdminForm.js
FN:9,AdminForm
FN:22,(anonymous_1)
FN:32,(anonymous_2)
FN:38,(anonymous_3)
FNF:4
FNH:1
FNDA:2,AdminForm
FNDA:0,(anonymous_1)
FNDA:0,(anonymous_2)
FNDA:0,(anonymous_3)
DA:10,2
DA:16,2
DA:17,2
DA:18,2
DA:19,2
DA:20,2
DA:22,2
DA:23,0
DA:24,0
DA:26,0
DA:32,2
DA:33,0
DA:34,0
DA:35,0
DA:38,2
DA:39,0
DA:40,0
DA:42,0
DA:43,0
DA:48,0
DA:50,0
DA:51,0
DA:55,2
LF:23
LH:10
BRDA:26,0,0,0
BRDA:26,0,1,0
BRDA:26,0,2,0
BRF:3
BRH:0
end_of_record
TN:
SF:src/components/AdminUsersTable.js
FN:8,AdminUsersTable
FN:12,(anonymous_1)
FN:13,(anonymous_2)
FN:23,(anonymous_3)
FN:28,(anonymous_4)
FN:45,(anonymous_5)
FN:82,(anonymous_6)
FNF:7
FNH:3
FNDA:2,AdminUsersTable
FNDA:1,(anonymous_1)
FNDA:1,(anonymous_2)
FNDA:0,(anonymous_3)
FNDA:0,(anonymous_4)
FNDA:0,(anonymous_5)
FNDA:0,(anonymous_6)
DA:9,2
DA:10,2
DA:12,2
DA:13,1
DA:14,1
DA:18,1
DA:20,1
DA:23,2
DA:24,0
DA:28,0
DA:29,0
DA:32,2
DA:46,0
DA:82,0
LF:14
LH:9
BRDA:44,0,0,0
BRDA:44,0,1,2
BRF:2
BRH:1
end_of_record
TN:
SF:src/components/CheckoutForm.js
FN:13,CheckoutForm
FN:27,(anonymous_1)
FN:28,(anonymous_2)
FN:42,(anonymous_3)
FN:46,(anonymous_4)
FN:51,(anonymous_5)
FN:108,(anonymous_6)
FNF:7
FNH:0
FNDA:0,CheckoutForm
FNDA:0,(anonymous_1)
FNDA:0,(anonymous_2)
FNDA:0,(anonymous_3)
FNDA:0,(anonymous_4)
FNDA:0,(anonymous_5)
FNDA:0,(anonymous_6)
DA:14,0
DA:15,0
DA:16,0
DA:18,0
DA:23,0
DA:24,0
DA:25,0
DA:27,0
DA:28,0
DA:29,0
DA:30,0
DA:33,0
DA:35,0
DA:36,0
DA:39,0
DA:42,0
DA:43,0
DA:46,0
DA:47,0
DA:48,0
DA:50,0
DA:51,0
DA:54,0
DA:64,0
DA:65,0
DA:70,0
DA:72,0
DA:73,0
DA:76,0
DA:78,0
DA:79,0
DA:80,0
DA:83,0
DA:84,0
DA:87,0
DA:109,0
DA:166,6
LF:37
LH:1
BRDA:76,0,0,0
BRDA:76,0,1,0
BRF:2
BRH:0
end_of_record
TN:
SF:src/components/CheckoutTable.js
FN:5,CheckoutTable
FN:8,(anonymous_1)
FN:9,(anonymous_2)
FN:26,(anonymous_3)
FN:70,(anonymous_4)
FNF:5
FNH:0
FNDA:0,CheckoutTable
FNDA:0,(anonymous_1)
FNDA:0,(anonymous_2)
FNDA:0,(anonymous_3)
FNDA:0,(anonymous_4)
DA:6,0
DA:8,0
DA:9,0
DA:10,0
DA:13,0
DA:27,0
DA:70,0
LF:7
LH:0
BRF:0
BRH:0
end_of_record
TN:
SF:src/components/CustomerOrderCard.js
FN:6,CustomerOrderCard
FN:9,(anonymous_1)
FN:13,formatDate
FNF:3
FNH:3
FNDA:8,CustomerOrderCard
FNDA:1,(anonymous_1)
FNDA:8,formatDate
DA:7,8
DA:9,8
DA:10,1
DA:14,8
DA:15,8
DA:18,8
DA:77,6
LF:7
LH:7
BRF:0
BRH:0
end_of_record
TN:
SF:src/components/CustomerOrderDetails.js
FN:16,CustomerOrderDetails
FN:22,(anonymous_1)
FN:26,formatDate
FN:31,(anonymous_3)
FN:39,(anonymous_4)
FN:40,(anonymous_5)
FNF:6
FNH:6
FNDA:7,CustomerOrderDetails
FNDA:2,(anonymous_1)
FNDA:7,formatDate
FNDA:1,(anonymous_3)
FNDA:2,(anonymous_4)
FNDA:2,(anonymous_5)
DA:8,6
DA:17,7
DA:18,7
DA:19,7
DA:20,7
DA:22,7
DA:23,2
DA:27,7
DA:28,7
DA:31,7
DA:32,1
DA:35,1
DA:36,1
DA:39,7
DA:40,2
DA:41,2
DA:44,2
DA:45,2
DA:47,2
DA:50,7
DA:88,6
LF:21
LH:21
BRDA:23,0,0,1
BRDA:23,0,1,1
BRF:2
BRH:2
end_of_record
TN:
SF:src/components/DetailsTable.js
FN:7,DetailsTable
FN:25,(anonymous_1)
FN:65,(anonymous_2)
FNF:3
FNH:3
FNDA:5,DetailsTable
FNDA:4,(anonymous_1)
FNDA:6,(anonymous_2)
DA:8,5
DA:9,5
DA:11,5
DA:26,4
DA:66,6
DA:111,6
LF:6
LH:6
BRDA:24,0,0,2
BRDA:24,0,1,3
BRF:2
BRH:2
end_of_record
TN:
SF:src/components/ErrorToast.js
FN:5,ErrorToast
FN:12,(anonymous_1)
FNF:2
FNH:1
FNDA:426,ErrorToast
FNDA:0,(anonymous_1)
DA:6,426
DA:8,426
DA:12,0
DA:19,6
LF:4
LH:3
BRF:0
BRH:0
end_of_record
TN:
SF:src/components/Header.js
FN:23,(anonymous_0)
FN:26,Header
FN:35,(anonymous_2)
FN:39,(anonymous_3)
FN:41,(anonymous_4)
FN:47,(anonymous_5)
FN:88,(anonymous_6)
FNF:7
FNH:3
FNDA:0,(anonymous_0)
FNDA:39,Header
FNDA:22,(anonymous_2)
FNDA:22,(anonymous_3)
FNDA:0,(anonymous_4)
FNDA:0,(anonymous_5)
FNDA:0,(anonymous_6)
DA:9,6
DA:15,6
DA:21,6
DA:27,39
DA:28,39
DA:29,39
DA:30,39
DA:31,39
DA:33,39
DA:35,39
DA:36,22
DA:39,39
DA:40,22
DA:41,0
DA:44,22
DA:47,39
DA:48,0
DA:49,0
DA:52,39
DA:88,0
DA:121,6
DA:125,6
LF:22
LH:18
BRDA:28,0,0,39
BRDA:28,0,1,33
BRDA:63,1,0,39
BRDA:63,1,1,20
BRDA:78,2,0,39
BRDA:78,2,1,0
BRDA:83,3,0,39
BRDA:83,3,1,6
BRF:8
BRH:7
end_of_record
TN:
SF:src/components/ProductCard.js
FN:10,ProductCard
FN:15,(anonymous_1)
FN:16,(anonymous_2)
FN:17,(anonymous_3)
FN:22,(anonymous_4)
FN:27,(anonymous_5)
FN:31,(anonymous_6)
FN:37,(anonymous_7)
FN:50,(anonymous_8)
FN:109,(anonymous_9)
FNF:10
FNH:0
FNDA:0,ProductCard
FNDA:0,(anonymous_1)
FNDA:0,(anonymous_2)
FNDA:0,(anonymous_3)
FNDA:0,(anonymous_4)
FNDA:0,(anonymous_5)
FNDA:0,(anonymous_6)
FNDA:0,(anonymous_7)
FNDA:0,(anonymous_8)
FNDA:0,(anonymous_9)
DA:11,0
DA:12,0
DA:13,0
DA:15,0
DA:16,0
DA:17,0
DA:18,0
DA:22,0
DA:23,0
DA:24,0
DA:27,0
DA:28,0
DA:31,0
DA:32,0
DA:33,0
DA:34,0
DA:37,0
DA:39,0
DA:40,0
DA:47,0
DA:50,0
DA:51,0
DA:52,0
DA:57,0
DA:60,0
DA:63,0
DA:109,0
DA:132,6
LF:28
LH:1
BRDA:16,0,0,0
BRDA:16,0,1,0
BRDA:23,1,0,0
BRDA:23,1,1,0
BRDA:32,2,0,0
BRDA:32,2,1,0
BRDA:39,3,0,0
BRDA:39,3,1,0
BRDA:51,4,0,0
BRDA:51,4,1,0
BRF:10
BRH:0
end_of_record
TN:
SF:src/components/SellerOrderCard.js
FN:6,SellerOrderCard
FN:9,(anonymous_1)
FN:13,formatDate
FNF:3
FNH:3
FNDA:8,SellerOrderCard
FNDA:1,(anonymous_1)
FNDA:8,formatDate
DA:7,8
DA:9,8
DA:10,1
DA:14,8
DA:15,8
DA:18,8
DA:84,6
LF:7
LH:7
BRF:0
BRH:0
end_of_record
TN:
SF:src/components/SellerOrderDetails.js
FN:17,SellerOrderDetails
FN:23,(anonymous_1)
FN:27,(anonymous_2)
FN:35,formatDate
FN:40,(anonymous_4)
FN:49,(anonymous_5)
FNF:6
FNH:6
FNDA:12,SellerOrderDetails
FNDA:6,(anonymous_1)
FNDA:6,(anonymous_2)
FNDA:12,formatDate
FNDA:3,(anonymous_4)
FNDA:6,(anonymous_5)
DA:8,6
DA:16,6
DA:18,12
DA:19,12
DA:20,12
DA:21,12
DA:23,12
DA:24,6
DA:27,12
DA:28,6
DA:29,2
DA:30,2
DA:32,4
DA:36,12
DA:37,12
DA:40,12
DA:41,3
DA:45,3
DA:46,3
DA:49,12
DA:50,6
DA:51,6
DA:54,12
DA:98,6
LF:24
LH:24
BRDA:24,0,0,3
BRDA:24,0,1,3
BRDA:28,1,0,2
BRDA:28,1,1,4
BRF:4
BRH:4
end_of_record
TN:
SF:src/context/admin/AdminContext.js
FNF:0
FNH:0
DA:3,6
LF:1
LH:1
BRF:0
BRH:0
end_of_record
TN:
SF:src/context/admin/AdminProvider.js
FN:5,AdminProvider
FN:8,(anonymous_1)
FNF:2
FNH:2
FNDA:35,AdminProvider
FNDA:35,(anonymous_1)
DA:6,35
DA:8,35
DA:13,35
DA:20,6
LF:4
LH:4
BRF:0
BRH:0
end_of_record
TN:
SF:src/context/cart/CartContext.js
FNF:0
FNH:0
DA:3,6
LF:1
LH:1
BRF:0
BRH:0
end_of_record
TN:
SF:src/context/cart/CartProvider.js
FN:5,CartProvider
FN:10,(anonymous_1)
FN:18,(anonymous_2)
FNF:3
FNH:3
FNDA:34,CartProvider
FNDA:34,(anonymous_1)
FNDA:34,(anonymous_2)
DA:6,34
DA:10,34
DA:11,34
DA:12,0
DA:13,0
DA:15,34
DA:18,34
DA:23,34
DA:30,6
LF:9
LH:7
BRDA:7,0,0,34
BRDA:7,0,1,34
BRDA:11,1,0,0
BRDA:11,1,1,34
BRF:4
BRH:3
end_of_record
TN:
SF:src/context/user/UserContext.js
FNF:0
FNH:0
DA:3,6
LF:1
LH:1
BRF:0
BRH:0
end_of_record
TN:
SF:src/context/user/UserProvider.js
FN:6,UserProvider
FN:21,(anonymous_1)
FN:30,(anonymous_2)
FNF:3
FNH:3
FNDA:216,UserProvider
FNDA:38,(anonymous_1)
FNDA:38,(anonymous_2)
DA:7,216
DA:8,216
DA:13,216
DA:21,216
DA:22,38
DA:23,10
DA:24,10
DA:25,10
DA:27,28
DA:30,216
DA:37,216
DA:44,6
LF:12
LH:12
BRDA:14,0,0,216
BRDA:14,0,1,191
BRDA:22,1,0,10
BRDA:22,1,1,28
BRDA:22,2,0,38
BRDA:22,2,1,29
BRF:6
BRH:6
end_of_record
TN:
SF:src/pages/AdminManage.js
FN:9,AdminManage
FNF:1
FNH:1
FNDA:1,AdminManage
DA:12,1
LF:1
LH:1
BRF:0
BRH:0
end_of_record
TN:
SF:src/pages/CustomerCheckout.js
FN:8,CustomerCheckout
FN:11,(anonymous_1)
FN:12,(anonymous_2)
FNF:3
FNH:0
FNDA:0,CustomerCheckout
FNDA:0,(anonymous_1)
FNDA:0,(anonymous_2)
DA:9,0
DA:11,0
DA:12,0
DA:13,0
DA:16,0
LF:5
LH:0
BRF:0
BRH:0
end_of_record
TN:
SF:src/pages/CustomerOrdersList.js
FN:9,CustomerOrdersList
FN:13,(anonymous_1)
FN:14,(anonymous_2)
FN:29,(anonymous_3)
FNF:4
FNH:4
FNDA:8,CustomerOrdersList
FNDA:4,(anonymous_1)
FNDA:4,(anonymous_2)
FNDA:8,(anonymous_3)
DA:10,8
DA:11,8
DA:13,8
DA:14,4
DA:15,4
DA:18,4
DA:20,4
DA:23,8
DA:30,8
LF:9
LH:9
BRDA:27,0,0,8
BRDA:27,0,1,4
BRF:2
BRH:2
end_of_record
TN:
SF:src/pages/CustomerProducts.js
FN:11,CustomerProducts
FN:16,(anonymous_1)
FN:17,(anonymous_2)
FN:44,(anonymous_3)
FNF:4
FNH:3
FNDA:7,CustomerProducts
FNDA:3,(anonymous_1)
FNDA:3,(anonymous_2)
FNDA:0,(anonymous_3)
DA:12,7
DA:14,6
DA:16,6
DA:17,3
DA:18,3
DA:21,3
DA:23,3
DA:26,6
DA:45,0
LF:9
LH:8
BRDA:37,0,0,0
BRDA:37,0,1,6
BRF:2
BRH:1
end_of_record
TN:
SF:src/pages/CustomerSaleDetails.js
FN:11,CustomerSaleDetails
FN:16,(anonymous_1)
FN:17,(anonymous_2)
FNF:3
FNH:3
FNDA:6,CustomerSaleDetails
FNDA:4,(anonymous_1)
FNDA:4,(anonymous_2)
DA:12,6
DA:13,6
DA:14,6
DA:16,6
DA:17,4
DA:18,4
DA:21,4
DA:23,4
DA:26,6
LF:9
LH:9
BRDA:31,0,0,6
BRDA:31,0,1,2
BRF:2
BRH:2
end_of_record
TN:
SF:src/pages/Login.js
FN:15,Login
FN:27,(anonymous_1)
FN:31,(anonymous_2)
FN:42,(anonymous_3)
FN:46,(anonymous_4)
FN:73,(anonymous_5)
FNF:6
FNH:6
FNDA:316,Login
FNDA:160,(anonymous_1)
FNDA:160,(anonymous_2)
FNDA:149,(anonymous_3)
FNDA:5,(anonymous_4)
FNDA:1,(anonymous_5)
DA:9,6
DA:16,316
DA:20,316
DA:21,316
DA:22,316
DA:23,316
DA:25,316
DA:27,316
DA:28,160
DA:31,316
DA:32,160
DA:33,160
DA:34,160
DA:36,160
DA:37,160
DA:39,160
DA:42,316
DA:43,149
DA:46,316
DA:47,5
DA:48,5
DA:52,5
DA:53,5
DA:57,3
DA:58,3
DA:60,2
DA:62,2
DA:64,2
DA:65,2
DA:66,2
DA:69,3
DA:70,3
DA:73,316
DA:75,316
LF:34
LH:34
BRDA:32,0,0,160
BRDA:32,0,1,0
BRDA:39,1,0,160
BRDA:39,1,1,6
BRDA:62,2,0,1
BRDA:62,2,1,1
BRF:6
BRH:5
end_of_record
TN:
SF:src/pages/Register.js
FN:9,Register
FN:22,(anonymous_1)
FN:33,(anonymous_2)
FN:37,(anonymous_3)
FNF:4
FNH:4
FNDA:484,Register
FNDA:244,(anonymous_1)
FNDA:235,(anonymous_2)
FNDA:3,(anonymous_3)
DA:10,484
DA:15,484
DA:16,484
DA:17,484
DA:18,484
DA:20,484
DA:22,484
DA:23,244
DA:24,244
DA:26,244
DA:27,244
DA:28,244
DA:30,244
DA:33,484
DA:34,235
DA:37,484
DA:38,3
DA:41,3
DA:42,3
DA:46,1
DA:48,2
DA:50,2
DA:52,2
DA:53,2
DA:54,2
DA:57,1
DA:58,1
DA:61,484
LF:28
LH:28
BRDA:30,0,0,244
BRDA:30,0,1,5
BRDA:30,0,2,4
BRDA:50,1,0,1
BRDA:50,1,1,1
BRF:5
BRH:5
end_of_record
TN:
SF:src/pages/SellerOrdersList.js
FN:9,SellerOrdersList
FN:13,(anonymous_1)
FN:14,(anonymous_2)
FN:29,(anonymous_3)
FNF:4
FNH:4
FNDA:10,SellerOrdersList
FNDA:5,(anonymous_1)
FNDA:5,(anonymous_2)
FNDA:8,(anonymous_3)
DA:10,10
DA:11,10
DA:13,10
DA:14,5
DA:15,5
DA:18,5
DA:20,5
DA:23,10
DA:30,8
LF:9
LH:9
BRDA:27,0,0,10
BRDA:27,0,1,5
BRF:2
BRH:2
end_of_record
TN:
SF:src/pages/SellerSaleDetails.js
FN:11,SellerSaleDetails
FN:16,(anonymous_1)
FN:17,(anonymous_2)
FNF:3
FNH:3
FNDA:8,SellerSaleDetails
FNDA:5,(anonymous_1)
FNDA:5,(anonymous_2)
DA:12,8
DA:13,8
DA:14,8
DA:16,8
DA:17,5
DA:18,5
DA:21,5
DA:23,5
DA:26,8
LF:9
LH:9
BRDA:31,0,0,8
BRDA:31,0,1,3
BRF:2
BRH:2
end_of_record
TN:
SF:src/styles/theme.js
FNF:0
FNH:0
DA:3,6
LF:1
LH:1
BRF:0
BRH:0
end_of_record
TN:
SF:src/tests/helpers/renderWithRouter.js
FN:8,renderWithRouter
FNF:1
FNH:1
FNDA:34,renderWithRouter
DA:9,34
DA:11,34
LF:2
LH:2
BRDA:8,0,0,11
BRF:1
BRH:1
end_of_record
TN:
SF:src/tests/mocks/Login.js
FNF:0
FNH:0
DA:1,1
DA:8,1
DA:15,1
DA:22,1
DA:30,1
LF:5
LH:5
BRF:0
BRH:0
end_of_record
TN:
SF:src/tests/mocks/Register.js
FNF:0
FNH:0
DA:1,1
DA:8,1
DA:16,1
LF:3
LH:3
BRF:0
BRH:0
end_of_record
TN:
SF:src/tests/mocks/customerOrdersListMocks.js
FNF:0
FNH:0
DA:1,1
DA:8,1
DA:15,1
LF:3
LH:3
BRF:0
BRH:0
end_of_record
TN:
SF:src/tests/mocks/mocks.js
FNF:0
FNH:0
DA:1,2
DA:36,2
LF:2
LH:2
BRF:0
BRH:0
end_of_record
TN:
SF:src/tests/mocks/sellerOrdersListMocks.js
FNF:0
FNH:0
DA:1,1
DA:7,1
DA:15,1
LF:3
LH:3
BRF:0
BRH:0
end_of_record
